{"/home/munendra.kushwaha/WORKSPACE/backend-training/src/app.ts": {"path":"/home/munendra.kushwaha/WORKSPACE/backend-training/src/app.ts","statementMap":{"0":{"start":{"line":1,"column":0},"end":{"line":1,"column":49}},"1":{"start":{"line":2,"column":0},"end":{"line":2,"column":24}},"2":{"start":{"line":3,"column":0},"end":{"line":3,"column":28}},"3":{"start":{"line":4,"column":0},"end":{"line":4,"column":43}},"4":{"start":{"line":5,"column":0},"end":{"line":5,"column":57}},"5":{"start":{"line":6,"column":0},"end":{"line":6,"column":55}},"6":{"start":{"line":7,"column":0},"end":{"line":7,"column":57}},"7":{"start":{"line":8,"column":0},"end":{"line":8,"column":47}},"8":{"start":{"line":10,"column":0},"end":{"line":10,"column":52}},"9":{"start":{"line":12,"column":0},"end":{"line":12,"column":40}},"10":{"start":{"line":18,"column":8},"end":{"line":18,"column":24}},"11":{"start":{"line":19,"column":8},"end":{"line":19,"column":29}},"12":{"start":{"line":23,"column":8},"end":{"line":23,"column":31}},"13":{"start":{"line":24,"column":8},"end":{"line":24,"column":22}},"14":{"start":{"line":28,"column":8},"end":{"line":28,"column":45}},"15":{"start":{"line":29,"column":8},"end":{"line":29,"column":24}},"16":{"start":{"line":30,"column":8},"end":{"line":30,"column":37}},"17":{"start":{"line":31,"column":8},"end":{"line":38,"column":10}},"18":{"start":{"line":39,"column":8},"end":{"line":39,"column":53}},"19":{"start":{"line":40,"column":8},"end":{"line":40,"column":62}},"20":{"start":{"line":44,"column":8},"end":{"line":44,"column":43}},"21":{"start":{"line":45,"column":8},"end":{"line":45,"column":45}},"22":{"start":{"line":46,"column":8},"end":{"line":46,"column":81}},"23":{"start":{"line":47,"column":8},"end":{"line":49,"column":11}},"24":{"start":{"line":48,"column":12},"end":{"line":48,"column":49}},"25":{"start":{"line":51,"column":8},"end":{"line":53,"column":11}},"26":{"start":{"line":52,"column":12},"end":{"line":52,"column":50}},"27":{"start":{"line":58,"column":8},"end":{"line":60,"column":11}},"28":{"start":{"line":59,"column":12},"end":{"line":59,"column":67}},"29":{"start":{"line":63,"column":0},"end":{"line":63,"column":22}}},"fnMap":{"0":{"name":"(anonymous_8)","decl":{"start":{"line":17,"column":4},"end":{"line":17,"column":null}},"loc":{"start":{"line":17,"column":4},"end":{"line":20,"column":5}}},"1":{"name":"(anonymous_9)","decl":{"start":{"line":22,"column":10},"end":{"line":22,"column":19}},"loc":{"start":{"line":22,"column":19},"end":{"line":25,"column":null}}},"2":{"name":"(anonymous_11)","decl":{"start":{"line":27,"column":10},"end":{"line":27,"column":19}},"loc":{"start":{"line":27,"column":19},"end":{"line":41,"column":null}}},"3":{"name":"(anonymous_13)","decl":{"start":{"line":43,"column":4},"end":{"line":43,"column":10}},"loc":{"start":{"line":43,"column":10},"end":{"line":54,"column":5}}},"4":{"name":"(anonymous_14)","decl":{"start":{"line":47,"column":38},"end":{"line":47,"column":39}},"loc":{"start":{"line":47,"column":56},"end":{"line":49,"column":9}}},"5":{"name":"(anonymous_15)","decl":{"start":{"line":51,"column":26},"end":{"line":51,"column":27}},"loc":{"start":{"line":51,"column":39},"end":{"line":53,"column":9}}},"6":{"name":"(anonymous_16)","decl":{"start":{"line":56,"column":11},"end":{"line":56,"column":16}},"loc":{"start":{"line":56,"column":16},"end":{"line":61,"column":5}}},"7":{"name":"(anonymous_17)","decl":{"start":{"line":58,"column":43},"end":{"line":58,"column":46}},"loc":{"start":{"line":58,"column":48},"end":{"line":60,"column":9}}}},"branchMap":{},"s":{"0":2,"1":2,"2":2,"3":2,"4":2,"5":2,"6":2,"7":2,"8":2,"9":2,"10":2,"11":2,"12":2,"13":2,"14":2,"15":2,"16":2,"17":2,"18":2,"19":2,"20":2,"21":2,"22":2,"23":2,"24":0,"25":2,"26":0,"27":2,"28":1,"29":2},"f":{"0":2,"1":2,"2":2,"3":2,"4":0,"5":0,"6":2,"7":1},"b":{}}
,"/home/munendra.kushwaha/WORKSPACE/backend-training/src/config.ts": {"path":"/home/munendra.kushwaha/WORKSPACE/backend-training/src/config.ts","statementMap":{"0":{"start":{"line":10,"column":35},"end":{"line":16,"column":2}},"1":{"start":{"line":18,"column":9},"end":{"line":18,"column":21}}},"fnMap":{},"branchMap":{"0":{"loc":{"start":{"line":11,"column":14},"end":{"line":11,"column":51}},"type":"cond-expr","locations":[{"start":{"line":11,"column":34},"end":{"line":11,"column":38}},{"start":{"line":11,"column":38},"end":{"line":11,"column":51}}]},"1":{"loc":{"start":{"line":11,"column":14},"end":{"line":11,"column":38}},"type":"binary-expr","locations":[{"start":{"line":11,"column":14},"end":{"line":11,"column":38}},{"start":{"line":11,"column":34},"end":{"line":11,"column":38}}]},"2":{"loc":{"start":{"line":12,"column":19},"end":{"line":12,"column":45}},"type":"cond-expr","locations":[{"start":{"line":12,"column":35},"end":{"line":12,"column":39}},{"start":{"line":12,"column":39},"end":{"line":12,"column":45}}]},"3":{"loc":{"start":{"line":12,"column":19},"end":{"line":12,"column":39}},"type":"binary-expr","locations":[{"start":{"line":12,"column":19},"end":{"line":12,"column":39}},{"start":{"line":12,"column":35},"end":{"line":12,"column":39}}]},"4":{"loc":{"start":{"line":13,"column":17},"end":{"line":13,"column":46}},"type":"cond-expr","locations":[{"start":{"line":13,"column":40},"end":{"line":13,"column":44}},{"start":{"line":13,"column":44},"end":{"line":13,"column":46}}]},"5":{"loc":{"start":{"line":13,"column":17},"end":{"line":13,"column":44}},"type":"binary-expr","locations":[{"start":{"line":13,"column":17},"end":{"line":13,"column":44}},{"start":{"line":13,"column":40},"end":{"line":13,"column":44}}]},"6":{"loc":{"start":{"line":14,"column":16},"end":{"line":14,"column":45}},"type":"cond-expr","locations":[{"start":{"line":14,"column":38},"end":{"line":14,"column":42}},{"start":{"line":14,"column":42},"end":{"line":14,"column":45}}]},"7":{"loc":{"start":{"line":14,"column":16},"end":{"line":14,"column":42}},"type":"binary-expr","locations":[{"start":{"line":14,"column":16},"end":{"line":14,"column":42}},{"start":{"line":14,"column":38},"end":{"line":14,"column":42}}]},"8":{"loc":{"start":{"line":15,"column":15},"end":{"line":15,"column":43}},"type":"cond-expr","locations":[{"start":{"line":15,"column":36},"end":{"line":15,"column":40}},{"start":{"line":15,"column":40},"end":{"line":15,"column":43}}]},"9":{"loc":{"start":{"line":15,"column":15},"end":{"line":15,"column":40}},"type":"binary-expr","locations":[{"start":{"line":15,"column":15},"end":{"line":15,"column":40}},{"start":{"line":15,"column":36},"end":{"line":15,"column":40}}]}},"s":{"0":2,"1":2},"f":{},"b":{"0":[0,2],"1":[2,2],"2":[0,2],"3":[2,2],"4":[0,2],"5":[2,2],"6":[0,2],"7":[2,2],"8":[0,2],"9":[2,2]}}
,"/home/munendra.kushwaha/WORKSPACE/backend-training/src/docs/swaggerConfig.ts": {"path":"/home/munendra.kushwaha/WORKSPACE/backend-training/src/docs/swaggerConfig.ts","statementMap":{"0":{"start":{"line":1,"column":0},"end":{"line":1,"column":41}},"1":{"start":{"line":3,"column":38},"end":{"line":19,"column":2}},"2":{"start":{"line":21,"column":25},"end":{"line":21,"column":46}},"3":{"start":{"line":23,"column":0},"end":{"line":23,"column":27}}},"fnMap":{},"branchMap":{},"s":{"0":2,"1":2,"2":2,"3":2},"f":{},"b":{}}
,"/home/munendra.kushwaha/WORKSPACE/backend-training/src/lib/Connection.ts": {"path":"/home/munendra.kushwaha/WORKSPACE/backend-training/src/lib/Connection.ts","statementMap":{"0":{"start":{"line":1,"column":0},"end":{"line":1,"column":32}},"1":{"start":{"line":4,"column":19},"end":{"line":4,"column":63}},"2":{"start":{"line":6,"column":2},"end":{"line":15,"column":4}},"3":{"start":{"line":6,"column":39},"end":{"line":15,"column":4}},"4":{"start":{"line":7,"column":4},"end":{"line":14,"column":5}},"5":{"start":{"line":8,"column":6},"end":{"line":8,"column":39}},"6":{"start":{"line":9,"column":6},"end":{"line":9,"column":43}},"7":{"start":{"line":11,"column":6},"end":{"line":11,"column":25}},"8":{"start":{"line":12,"column":6},"end":{"line":12,"column":50}},"9":{"start":{"line":13,"column":6},"end":{"line":13,"column":22}},"10":{"start":{"line":16,"column":2},"end":{"line":23,"column":4}},"11":{"start":{"line":16,"column":42},"end":{"line":23,"column":4}},"12":{"start":{"line":17,"column":4},"end":{"line":22,"column":5}},"13":{"start":{"line":18,"column":6},"end":{"line":18,"column":34}},"14":{"start":{"line":19,"column":6},"end":{"line":19,"column":45}},"15":{"start":{"line":21,"column":6},"end":{"line":21,"column":48}},"16":{"start":{"line":26,"column":0},"end":{"line":26,"column":32}}},"fnMap":{"0":{"name":"(anonymous_8)","decl":{"start":{"line":3,"column":0},"end":{"line":3,"column":6}},"loc":{"start":{"line":3,"column":0},"end":{"line":24,"column":1}}},"1":{"name":"(anonymous_9)","decl":{"start":{"line":6,"column":14},"end":{"line":6,"column":37}},"loc":{"start":{"line":6,"column":39},"end":{"line":15,"column":4}}},"2":{"name":"(anonymous_10)","decl":{"start":{"line":6,"column":39},"end":{"line":6,"column":null}},"loc":{"start":{"line":6,"column":39},"end":{"line":15,"column":3}}},"3":{"name":"(anonymous_11)","decl":{"start":{"line":16,"column":17},"end":{"line":16,"column":40}},"loc":{"start":{"line":16,"column":42},"end":{"line":23,"column":4}}},"4":{"name":"(anonymous_12)","decl":{"start":{"line":16,"column":42},"end":{"line":16,"column":null}},"loc":{"start":{"line":16,"column":42},"end":{"line":23,"column":3}}}},"branchMap":{},"s":{"0":2,"1":2,"2":2,"3":4,"4":4,"5":4,"6":4,"7":0,"8":0,"9":0,"10":2,"11":0,"12":0,"13":0,"14":0,"15":0,"16":2},"f":{"0":2,"1":4,"2":4,"3":0,"4":0},"b":{}}
,"/home/munendra.kushwaha/WORKSPACE/backend-training/src/lib/index.ts": {"path":"/home/munendra.kushwaha/WORKSPACE/backend-training/src/lib/index.ts","statementMap":{"0":{"start":{"line":1,"column":0},"end":{"line":1,"column":7}},"1":{"start":{"line":4,"column":9},"end":{"line":1,"column":38}},"2":{"start":{"line":2,"column":0},"end":{"line":2,"column":7}},"3":{"start":{"line":4,"column":21},"end":{"line":2,"column":51}}},"fnMap":{},"branchMap":{},"s":{"0":2,"1":2,"2":2,"3":2},"f":{},"b":{}}
,"/home/munendra.kushwaha/WORKSPACE/backend-training/src/lib/base/baseRepository.ts": {"path":"/home/munendra.kushwaha/WORKSPACE/backend-training/src/lib/base/baseRepository.ts","statementMap":{"0":{"start":{"line":12,"column":4},"end":{"line":12,"column":23}},"1":{"start":{"line":16,"column":19},"end":{"line":16,"column":52}},"2":{"start":{"line":17,"column":4},"end":{"line":17,"column":18}},"3":{"start":{"line":21,"column":19},"end":{"line":21,"column":52}},"4":{"start":{"line":22,"column":4},"end":{"line":22,"column":18}},"5":{"start":{"line":26,"column":19},"end":{"line":26,"column":48}},"6":{"start":{"line":27,"column":4},"end":{"line":27,"column":18}},"7":{"start":{"line":31,"column":0},"end":{"line":31,"column":30}}},"fnMap":{"0":{"name":"(anonymous_7)","decl":{"start":{"line":11,"column":2},"end":{"line":11,"column":14}},"loc":{"start":{"line":11,"column":29},"end":{"line":13,"column":3}}},"1":{"name":"(anonymous_8)","decl":{"start":{"line":15,"column":15},"end":{"line":15,"column":21}},"loc":{"start":{"line":15,"column":29},"end":{"line":18,"column":null}}},"2":{"name":"(anonymous_10)","decl":{"start":{"line":20,"column":15},"end":{"line":20,"column":27}},"loc":{"start":{"line":20,"column":27},"end":{"line":23,"column":null}}},"3":{"name":"(anonymous_12)","decl":{"start":{"line":25,"column":15},"end":{"line":25,"column":26}},"loc":{"start":{"line":25,"column":49},"end":{"line":28,"column":null}}}},"branchMap":{},"s":{"0":4,"1":1,"2":1,"3":1,"4":1,"5":8,"6":8,"7":2},"f":{"0":4,"1":1,"2":1,"3":8},"b":{}}
,"/home/munendra.kushwaha/WORKSPACE/backend-training/src/middlewares/OtherMiddleware.ts": {"path":"/home/munendra.kushwaha/WORKSPACE/backend-training/src/middlewares/OtherMiddleware.ts","statementMap":{"0":{"start":{"line":2,"column":0},"end":{"line":2,"column":69}},"1":{"start":{"line":5,"column":11},"end":{"line":5,"column":17}},"2":{"start":{"line":7,"column":11},"end":{"line":7,"column":29}},"3":{"start":{"line":12,"column":8},"end":{"line":12,"column":58}},"4":{"start":{"line":13,"column":8},"end":{"line":13,"column":15}},"5":{"start":{"line":16,"column":11},"end":{"line":16,"column":17}},"6":{"start":{"line":16,"column":52},"end":{"line":43,"column":6}},"7":{"start":{"line":17,"column":8},"end":{"line":42,"column":9}},"8":{"start":{"line":18,"column":37},"end":{"line":19,"column":null}},"9":{"start":{"line":21,"column":32},"end":{"line":33,"column":null}},"10":{"start":{"line":36,"column":30},"end":{"line":36,"column":45}},"11":{"start":{"line":37,"column":12},"end":{"line":37,"column":24}},"12":{"start":{"line":40,"column":12},"end":{"line":40,"column":33}},"13":{"start":{"line":41,"column":12},"end":{"line":41,"column":24}},"14":{"start":{"line":45,"column":11},"end":{"line":45,"column":25}},"15":{"start":{"line":49,"column":22},"end":{"line":63,"column":6}},"16":{"start":{"line":52,"column":27},"end":{"line":52,"column":42}},"17":{"start":{"line":53,"column":8},"end":{"line":62,"column":9}},"18":{"start":{"line":54,"column":34},"end":{"line":54,"column":52}},"19":{"start":{"line":55,"column":12},"end":{"line":57,"column":13}},"20":{"start":{"line":56,"column":16},"end":{"line":56,"column":77}},"21":{"start":{"line":58,"column":12},"end":{"line":58,"column":53}},"22":{"start":{"line":59,"column":12},"end":{"line":59,"column":19}},"23":{"start":{"line":61,"column":12},"end":{"line":61,"column":31}},"24":{"start":{"line":65,"column":11},"end":{"line":65,"column":20}},"25":{"start":{"line":66,"column":8},"end":{"line":70,"column":10}},"26":{"start":{"line":71,"column":8},"end":{"line":71,"column":15}},"27":{"start":{"line":75,"column":0},"end":{"line":75,"column":31}}},"fnMap":{"0":{"name":"(anonymous_7)","decl":{"start":{"line":7,"column":29},"end":{"line":7,"column":null}},"loc":{"start":{"line":11,"column":14},"end":{"line":14,"column":null}}},"1":{"name":"(anonymous_8)","decl":{"start":{"line":16,"column":17},"end":{"line":16,"column":24}},"loc":{"start":{"line":16,"column":52},"end":{"line":43,"column":6}}},"2":{"name":"(anonymous_9)","decl":{"start":{"line":16,"column":52},"end":{"line":16,"column":null}},"loc":{"start":{"line":16,"column":52},"end":{"line":43,"column":5}}},"3":{"name":"(anonymous_10)","decl":{"start":{"line":45,"column":25},"end":{"line":45,"column":null}},"loc":{"start":{"line":49,"column":22},"end":{"line":63,"column":6}}},"4":{"name":"(anonymous_11)","decl":{"start":{"line":49,"column":22},"end":{"line":49,"column":null}},"loc":{"start":{"line":49,"column":22},"end":{"line":63,"column":5}}},"5":{"name":"(anonymous_12)","decl":{"start":{"line":65,"column":20},"end":{"line":65,"column":21}},"loc":{"start":{"line":65,"column":78},"end":{"line":72,"column":null}}}},"branchMap":{"0":{"loc":{"start":{"line":55,"column":12},"end":{"line":57,"column":13}},"type":"if","locations":[{"start":{"line":55,"column":12},"end":{"line":57,"column":13}}]}},"s":{"0":2,"1":2,"2":2,"3":19,"4":19,"5":2,"6":0,"7":0,"8":0,"9":0,"10":0,"11":0,"12":0,"13":0,"14":2,"15":0,"16":0,"17":0,"18":0,"19":0,"20":0,"21":0,"22":0,"23":0,"24":2,"25":19,"26":19,"27":2},"f":{"0":19,"1":0,"2":0,"3":0,"4":0,"5":19},"b":{"0":[0]}}
,"/home/munendra.kushwaha/WORKSPACE/backend-training/src/middlewares/index.ts": {"path":"/home/munendra.kushwaha/WORKSPACE/backend-training/src/middlewares/index.ts","statementMap":{"0":{"start":{"line":1,"column":0},"end":{"line":1,"column":56}},"1":{"start":{"line":3,"column":0},"end":{"line":3,"column":39}}},"fnMap":{},"branchMap":{},"s":{"0":2,"1":2},"f":{},"b":{}}
,"/home/munendra.kushwaha/WORKSPACE/backend-training/src/modules/events/controller.ts": {"path":"/home/munendra.kushwaha/WORKSPACE/backend-training/src/modules/events/controller.ts","statementMap":{"0":{"start":{"line":2,"column":0},"end":{"line":2,"column":34}},"1":{"start":{"line":7,"column":9},"end":{"line":7,"column":25}},"2":{"start":{"line":7,"column":77},"end":{"line":15,"column":4}},"3":{"start":{"line":8,"column":4},"end":{"line":14,"column":5}},"4":{"start":{"line":9,"column":27},"end":{"line":9,"column":37}},"5":{"start":{"line":10,"column":24},"end":{"line":10,"column":61}},"6":{"start":{"line":11,"column":6},"end":{"line":11,"column":44}},"7":{"start":{"line":13,"column":6},"end":{"line":13,"column":41}},"8":{"start":{"line":16,"column":9},"end":{"line":16,"column":18}},"9":{"start":{"line":16,"column":70},"end":{"line":23,"column":4}},"10":{"start":{"line":17,"column":4},"end":{"line":22,"column":5}},"11":{"start":{"line":18,"column":34},"end":{"line":18,"column":56}},"12":{"start":{"line":19,"column":6},"end":{"line":19,"column":54}},"13":{"start":{"line":21,"column":6},"end":{"line":21,"column":41}},"14":{"start":{"line":25,"column":9},"end":{"line":25,"column":15}},"15":{"start":{"line":25,"column":67},"end":{"line":34,"column":4}},"16":{"start":{"line":26,"column":4},"end":{"line":33,"column":5}},"17":{"start":{"line":27,"column":32},"end":{"line":27,"column":40}},"18":{"start":{"line":29,"column":6},"end":{"line":29,"column":35}},"19":{"start":{"line":30,"column":6},"end":{"line":30,"column":71}},"20":{"start":{"line":32,"column":6},"end":{"line":32,"column":63}},"21":{"start":{"line":36,"column":9},"end":{"line":36,"column":20}},"22":{"start":{"line":36,"column":72},"end":{"line":49,"column":4}},"23":{"start":{"line":37,"column":4},"end":{"line":48,"column":5}},"24":{"start":{"line":38,"column":36},"end":{"line":38,"column":45}},"25":{"start":{"line":40,"column":28},"end":{"line":40,"column":60}},"26":{"start":{"line":42,"column":8},"end":{"line":42,"column":74}},"27":{"start":{"line":43,"column":24},"end":{"line":43,"column":59}},"28":{"start":{"line":44,"column":33},"end":{"line":44,"column":54}},"29":{"start":{"line":45,"column":6},"end":{"line":45,"column":67}},"30":{"start":{"line":47,"column":6},"end":{"line":47,"column":62}},"31":{"start":{"line":51,"column":9},"end":{"line":51,"column":21}},"32":{"start":{"line":51,"column":73},"end":{"line":62,"column":4}},"33":{"start":{"line":52,"column":4},"end":{"line":61,"column":5}},"34":{"start":{"line":53,"column":23},"end":{"line":53,"column":33}},"35":{"start":{"line":54,"column":25},"end":{"line":54,"column":55}},"36":{"start":{"line":55,"column":6},"end":{"line":57,"column":7}},"37":{"start":{"line":56,"column":8},"end":{"line":56,"column":58}},"38":{"start":{"line":58,"column":6},"end":{"line":58,"column":65}},"39":{"start":{"line":60,"column":6},"end":{"line":60,"column":62}},"40":{"start":{"line":64,"column":9},"end":{"line":64,"column":19}},"41":{"start":{"line":64,"column":71},"end":{"line":76,"column":4}},"42":{"start":{"line":65,"column":4},"end":{"line":75,"column":5}},"43":{"start":{"line":66,"column":21},"end":{"line":66,"column":31}},"44":{"start":{"line":68,"column":25},"end":{"line":68,"column":51}},"45":{"start":{"line":69,"column":6},"end":{"line":71,"column":7}},"46":{"start":{"line":70,"column":8},"end":{"line":70,"column":58}},"47":{"start":{"line":72,"column":6},"end":{"line":72,"column":65}},"48":{"start":{"line":74,"column":6},"end":{"line":74,"column":62}},"49":{"start":{"line":78,"column":9},"end":{"line":78,"column":22}},"50":{"start":{"line":78,"column":74},"end":{"line":90,"column":4}},"51":{"start":{"line":79,"column":28},"end":{"line":79,"column":41}},"52":{"start":{"line":80,"column":33},"end":{"line":80,"column":41}},"53":{"start":{"line":81,"column":4},"end":{"line":89,"column":5}},"54":{"start":{"line":82,"column":32},"end":{"line":82,"column":79}},"55":{"start":{"line":83,"column":6},"end":{"line":83,"column":73}},"56":{"start":{"line":85,"column":6},"end":{"line":88,"column":9}},"57":{"start":{"line":92,"column":9},"end":{"line":92,"column":22}},"58":{"start":{"line":92,"column":74},"end":{"line":103,"column":4}},"59":{"start":{"line":93,"column":28},"end":{"line":93,"column":41}},"60":{"start":{"line":94,"column":4},"end":{"line":102,"column":5}},"61":{"start":{"line":95,"column":28},"end":{"line":95,"column":61}},"62":{"start":{"line":96,"column":6},"end":{"line":96,"column":41}},"63":{"start":{"line":98,"column":6},"end":{"line":101,"column":9}},"64":{"start":{"line":105,"column":9},"end":{"line":105,"column":21}},"65":{"start":{"line":105,"column":73},"end":{"line":119,"column":4}},"66":{"start":{"line":106,"column":4},"end":{"line":118,"column":5}},"67":{"start":{"line":107,"column":28},"end":{"line":107,"column":50}},"68":{"start":{"line":108,"column":43},"end":{"line":108,"column":57}},"69":{"start":{"line":109,"column":6},"end":{"line":111,"column":7}},"70":{"start":{"line":110,"column":8},"end":{"line":110,"column":69}},"71":{"start":{"line":112,"column":6},"end":{"line":112,"column":54}},"72":{"start":{"line":113,"column":6},"end":{"line":115,"column":9}},"73":{"start":{"line":117,"column":6},"end":{"line":117,"column":70}},"74":{"start":{"line":122,"column":0},"end":{"line":122,"column":26}}},"fnMap":{"0":{"name":"(anonymous_7)","decl":{"start":{"line":7,"column":25},"end":{"line":7,"column":32}},"loc":{"start":{"line":7,"column":77},"end":{"line":15,"column":4}}},"1":{"name":"(anonymous_8)","decl":{"start":{"line":7,"column":77},"end":{"line":7,"column":null}},"loc":{"start":{"line":7,"column":77},"end":{"line":15,"column":3}}},"2":{"name":"(anonymous_9)","decl":{"start":{"line":16,"column":18},"end":{"line":16,"column":25}},"loc":{"start":{"line":16,"column":70},"end":{"line":23,"column":4}}},"3":{"name":"(anonymous_10)","decl":{"start":{"line":16,"column":70},"end":{"line":16,"column":null}},"loc":{"start":{"line":16,"column":70},"end":{"line":23,"column":3}}},"4":{"name":"(anonymous_11)","decl":{"start":{"line":25,"column":15},"end":{"line":25,"column":22}},"loc":{"start":{"line":25,"column":67},"end":{"line":34,"column":4}}},"5":{"name":"(anonymous_12)","decl":{"start":{"line":25,"column":67},"end":{"line":25,"column":null}},"loc":{"start":{"line":25,"column":67},"end":{"line":34,"column":3}}},"6":{"name":"(anonymous_13)","decl":{"start":{"line":36,"column":20},"end":{"line":36,"column":27}},"loc":{"start":{"line":36,"column":72},"end":{"line":49,"column":4}}},"7":{"name":"(anonymous_14)","decl":{"start":{"line":36,"column":72},"end":{"line":36,"column":null}},"loc":{"start":{"line":36,"column":72},"end":{"line":49,"column":3}}},"8":{"name":"(anonymous_15)","decl":{"start":{"line":51,"column":21},"end":{"line":51,"column":28}},"loc":{"start":{"line":51,"column":73},"end":{"line":62,"column":4}}},"9":{"name":"(anonymous_16)","decl":{"start":{"line":51,"column":73},"end":{"line":51,"column":null}},"loc":{"start":{"line":51,"column":73},"end":{"line":62,"column":3}}},"10":{"name":"(anonymous_17)","decl":{"start":{"line":64,"column":19},"end":{"line":64,"column":26}},"loc":{"start":{"line":64,"column":71},"end":{"line":76,"column":4}}},"11":{"name":"(anonymous_18)","decl":{"start":{"line":64,"column":71},"end":{"line":64,"column":null}},"loc":{"start":{"line":64,"column":71},"end":{"line":76,"column":3}}},"12":{"name":"(anonymous_19)","decl":{"start":{"line":78,"column":22},"end":{"line":78,"column":29}},"loc":{"start":{"line":78,"column":74},"end":{"line":90,"column":4}}},"13":{"name":"(anonymous_20)","decl":{"start":{"line":78,"column":74},"end":{"line":78,"column":null}},"loc":{"start":{"line":78,"column":74},"end":{"line":90,"column":3}}},"14":{"name":"(anonymous_21)","decl":{"start":{"line":92,"column":22},"end":{"line":92,"column":29}},"loc":{"start":{"line":92,"column":74},"end":{"line":103,"column":4}}},"15":{"name":"(anonymous_22)","decl":{"start":{"line":92,"column":74},"end":{"line":92,"column":null}},"loc":{"start":{"line":92,"column":74},"end":{"line":103,"column":3}}},"16":{"name":"(anonymous_23)","decl":{"start":{"line":105,"column":21},"end":{"line":105,"column":28}},"loc":{"start":{"line":105,"column":73},"end":{"line":119,"column":4}}},"17":{"name":"(anonymous_24)","decl":{"start":{"line":105,"column":73},"end":{"line":105,"column":null}},"loc":{"start":{"line":105,"column":73},"end":{"line":119,"column":3}}}},"branchMap":{"0":{"loc":{"start":{"line":55,"column":6},"end":{"line":57,"column":7}},"type":"if","locations":[{"start":{"line":55,"column":6},"end":{"line":57,"column":7}}]},"1":{"loc":{"start":{"line":69,"column":6},"end":{"line":71,"column":7}},"type":"if","locations":[{"start":{"line":69,"column":6},"end":{"line":71,"column":7}}]},"2":{"loc":{"start":{"line":107,"column":28},"end":{"line":107,"column":50}},"type":"cond-expr","locations":[{"start":{"line":107,"column":36},"end":{"line":107,"column":38}},{"start":{"line":107,"column":36},"end":{"line":107,"column":50}}]},"3":{"loc":{"start":{"line":107,"column":28},"end":{"line":107,"column":38}},"type":"binary-expr","locations":[{"start":{"line":107,"column":28},"end":{"line":107,"column":38}},{"start":{"line":107,"column":36},"end":{"line":107,"column":38}}]},"4":{"loc":{"start":{"line":108,"column":43},"end":{"line":108,"column":57}},"type":"cond-expr","locations":[{"start":{"line":108,"column":51},"end":{"line":108,"column":53}},{"start":{"line":108,"column":51},"end":{"line":108,"column":57}}]},"5":{"loc":{"start":{"line":108,"column":43},"end":{"line":108,"column":53}},"type":"binary-expr","locations":[{"start":{"line":108,"column":43},"end":{"line":108,"column":53}},{"start":{"line":108,"column":51},"end":{"line":108,"column":53}}]},"6":{"loc":{"start":{"line":109,"column":6},"end":{"line":111,"column":7}},"type":"if","locations":[{"start":{"line":109,"column":6},"end":{"line":111,"column":7}}]}},"s":{"0":2,"1":2,"2":1,"3":1,"4":1,"5":1,"6":1,"7":0,"8":2,"9":1,"10":1,"11":1,"12":1,"13":0,"14":2,"15":1,"16":1,"17":1,"18":1,"19":1,"20":0,"21":2,"22":1,"23":1,"24":1,"25":1,"26":1,"27":1,"28":1,"29":1,"30":0,"31":2,"32":3,"33":3,"34":3,"35":3,"36":3,"37":1,"38":2,"39":0,"40":2,"41":1,"42":1,"43":1,"44":1,"45":1,"46":1,"47":0,"48":0,"49":2,"50":1,"51":1,"52":1,"53":1,"54":1,"55":1,"56":0,"57":2,"58":1,"59":1,"60":1,"61":1,"62":1,"63":0,"64":2,"65":1,"66":1,"67":1,"68":1,"69":1,"70":0,"71":1,"72":1,"73":0,"74":2},"f":{"0":1,"1":1,"2":1,"3":1,"4":1,"5":1,"6":1,"7":1,"8":3,"9":3,"10":1,"11":1,"12":1,"13":1,"14":1,"15":1,"16":1,"17":1},"b":{"0":[1],"1":[1],"2":[0,1],"3":[1,1],"4":[0,1],"5":[1,1],"6":[0]}}
,"/home/munendra.kushwaha/WORKSPACE/backend-training/src/modules/events/index.ts": {"path":"/home/munendra.kushwaha/WORKSPACE/backend-training/src/modules/events/index.ts","statementMap":{"0":{"start":{"line":1,"column":0},"end":{"line":1,"column":7}},"1":{"start":{"line":5,"column":9},"end":{"line":1,"column":38}},"2":{"start":{"line":2,"column":0},"end":{"line":2,"column":7}},"3":{"start":{"line":5,"column":21},"end":{"line":2,"column":29}},"4":{"start":{"line":3,"column":0},"end":{"line":3,"column":7}},"5":{"start":{"line":5,"column":29},"end":{"line":3,"column":32}}},"fnMap":{},"branchMap":{},"s":{"0":2,"1":2,"2":2,"3":2,"4":2,"5":2},"f":{},"b":{}}
,"/home/munendra.kushwaha/WORKSPACE/backend-training/src/modules/events/joiSchema.ts": {"path":"/home/munendra.kushwaha/WORKSPACE/backend-training/src/modules/events/joiSchema.ts","statementMap":{"0":{"start":{"line":1,"column":0},"end":{"line":1,"column":22}},"1":{"start":{"line":4,"column":9},"end":{"line":21,"column":7}},"2":{"start":{"line":5,"column":4},"end":{"line":21,"column":6}},"3":{"start":{"line":23,"column":0},"end":{"line":23,"column":25}}},"fnMap":{"0":{"name":"(anonymous_1)","decl":{"start":{"line":4,"column":22},"end":{"line":4,"column":48}},"loc":{"start":{"line":5,"column":4},"end":{"line":21,"column":6}}}},"branchMap":{},"s":{"0":2,"1":2,"2":0,"3":2},"f":{"0":0},"b":{}}
,"/home/munendra.kushwaha/WORKSPACE/backend-training/src/modules/events/route.ts": {"path":"/home/munendra.kushwaha/WORKSPACE/backend-training/src/modules/events/route.ts","statementMap":{"0":{"start":{"line":1,"column":0},"end":{"line":1,"column":33}},"1":{"start":{"line":2,"column":0},"end":{"line":2,"column":45}},"2":{"start":{"line":3,"column":0},"end":{"line":3,"column":31}},"3":{"start":{"line":5,"column":23},"end":{"line":5,"column":51}},"4":{"start":{"line":6,"column":23},"end":{"line":6,"column":31}},"5":{"start":{"line":8,"column":0},"end":{"line":8,"column":45}},"6":{"start":{"line":10,"column":0},"end":{"line":10,"column":46}},"7":{"start":{"line":12,"column":0},"end":{"line":12,"column":47}},"8":{"start":{"line":39,"column":0},"end":{"line":39,"column":54}},"9":{"start":{"line":66,"column":0},"end":{"line":66,"column":53}},"10":{"start":{"line":145,"column":0},"end":{"line":145,"column":59}},"11":{"start":{"line":172,"column":0},"end":{"line":172,"column":62}},"12":{"start":{"line":201,"column":0},"end":{"line":201,"column":71}},"13":{"start":{"line":202,"column":0},"end":{"line":202,"column":77}},"14":{"start":{"line":204,"column":0},"end":{"line":204,"column":22}}},"fnMap":{},"branchMap":{},"s":{"0":2,"1":2,"2":2,"3":2,"4":2,"5":2,"6":2,"7":2,"8":2,"9":2,"10":2,"11":2,"12":2,"13":2,"14":2},"f":{},"b":{}}
,"/home/munendra.kushwaha/WORKSPACE/backend-training/src/modules/events/service.ts": {"path":"/home/munendra.kushwaha/WORKSPACE/backend-training/src/modules/events/service.ts","statementMap":{"0":{"start":{"line":1,"column":0},"end":{"line":1,"column":20}},"1":{"start":{"line":2,"column":0},"end":{"line":2,"column":35}},"2":{"start":{"line":4,"column":0},"end":{"line":4,"column":42}},"3":{"start":{"line":5,"column":0},"end":{"line":5,"column":47}},"4":{"start":{"line":6,"column":0},"end":{"line":6,"column":36}},"5":{"start":{"line":7,"column":0},"end":{"line":7,"column":57}},"6":{"start":{"line":20,"column":4},"end":{"line":20,"column":46}},"7":{"start":{"line":24,"column":19},"end":{"line":24,"column":57}},"8":{"start":{"line":25,"column":4},"end":{"line":25,"column":18}},"9":{"start":{"line":29,"column":37},"end":{"line":29,"column":45}},"10":{"start":{"line":30,"column":19},"end":{"line":30,"column":55}},"11":{"start":{"line":31,"column":4},"end":{"line":31,"column":18}},"12":{"start":{"line":35,"column":19},"end":{"line":35,"column":50}},"13":{"start":{"line":36,"column":4},"end":{"line":36,"column":18}},"14":{"start":{"line":40,"column":36},"end":{"line":40,"column":43}},"15":{"start":{"line":41,"column":19},"end":{"line":41,"column":55}},"16":{"start":{"line":42,"column":4},"end":{"line":42,"column":18}},"17":{"start":{"line":46,"column":19},"end":{"line":46,"column":69}},"18":{"start":{"line":47,"column":4},"end":{"line":47,"column":18}},"19":{"start":{"line":51,"column":19},"end":{"line":51,"column":55}},"20":{"start":{"line":52,"column":4},"end":{"line":52,"column":18}},"21":{"start":{"line":59,"column":35},"end":{"line":59,"column":43}},"22":{"start":{"line":61,"column":32},"end":{"line":61,"column":34}},"23":{"start":{"line":62,"column":29},"end":{"line":62,"column":31}},"24":{"start":{"line":63,"column":31},"end":{"line":63,"column":33}},"25":{"start":{"line":64,"column":30},"end":{"line":64,"column":57}},"26":{"start":{"line":65,"column":21},"end":{"line":65,"column":52}},"27":{"start":{"line":67,"column":4},"end":{"line":129,"column":9}},"28":{"start":{"line":72,"column":8},"end":{"line":88,"column":11}},"29":{"start":{"line":90,"column":28},"end":{"line":129,"column":8}},"30":{"start":{"line":91,"column":8},"end":{"line":128,"column":9}},"31":{"start":{"line":92,"column":10},"end":{"line":105,"column":13}},"32":{"start":{"line":93,"column":30},"end":{"line":95,"column":14}},"33":{"start":{"line":96,"column":12},"end":{"line":104,"column":13}},"34":{"start":{"line":97,"column":14},"end":{"line":97,"column":35}},"35":{"start":{"line":99,"column":14},"end":{"line":103,"column":17}},"36":{"start":{"line":102,"column":59},"end":{"line":102,"column":71}},"37":{"start":{"line":106,"column":30},"end":{"line":106,"column":67}},"38":{"start":{"line":109,"column":10},"end":{"line":109,"column":34}},"39":{"start":{"line":111,"column":10},"end":{"line":111,"column":55}},"40":{"start":{"line":113,"column":34},"end":{"line":113,"column":61}},"41":{"start":{"line":116,"column":10},"end":{"line":124,"column":13}},"42":{"start":{"line":127,"column":10},"end":{"line":127,"column":56}},"43":{"start":{"line":10,"column":9},"end":{"line":10,"column":25}},"44":{"start":{"line":10,"column":66},"end":{"line":13,"column":4}},"45":{"start":{"line":11,"column":19},"end":{"line":11,"column":59}},"46":{"start":{"line":12,"column":4},"end":{"line":12,"column":18}},"47":{"start":{"line":14,"column":9},"end":{"line":14,"column":18}},"48":{"start":{"line":14,"column":43},"end":{"line":17,"column":4}},"49":{"start":{"line":15,"column":19},"end":{"line":15,"column":44}},"50":{"start":{"line":16,"column":4},"end":{"line":16,"column":18}},"51":{"start":{"line":132,"column":0},"end":{"line":132,"column":23}}},"fnMap":{"0":{"name":"(anonymous_8)","decl":{"start":{"line":19,"column":2},"end":{"line":19,"column":8}},"loc":{"start":{"line":19,"column":36},"end":{"line":21,"column":null}}},"1":{"name":"(anonymous_10)","decl":{"start":{"line":23,"column":2},"end":{"line":23,"column":8}},"loc":{"start":{"line":23,"column":51},"end":{"line":26,"column":null}}},"2":{"name":"(anonymous_12)","decl":{"start":{"line":28,"column":2},"end":{"line":28,"column":8}},"loc":{"start":{"line":28,"column":38},"end":{"line":32,"column":null}}},"3":{"name":"(anonymous_14)","decl":{"start":{"line":34,"column":2},"end":{"line":34,"column":8}},"loc":{"start":{"line":34,"column":20},"end":{"line":37,"column":null}}},"4":{"name":"(anonymous_16)","decl":{"start":{"line":39,"column":2},"end":{"line":39,"column":8}},"loc":{"start":{"line":39,"column":35},"end":{"line":43,"column":null}}},"5":{"name":"(anonymous_18)","decl":{"start":{"line":45,"column":2},"end":{"line":45,"column":8}},"loc":{"start":{"line":45,"column":63},"end":{"line":48,"column":null}}},"6":{"name":"(anonymous_20)","decl":{"start":{"line":50,"column":2},"end":{"line":50,"column":8}},"loc":{"start":{"line":50,"column":41},"end":{"line":53,"column":null}}},"7":{"name":"(anonymous_22)","decl":{"start":{"line":55,"column":2},"end":{"line":55,"column":8}},"loc":{"start":{"line":58,"column":3},"end":{"line":130,"column":null}}},"8":{"name":"(anonymous_24)","decl":{"start":{"line":69,"column":18},"end":{"line":69,"column":19}},"loc":{"start":{"line":69,"column":26},"end":{"line":89,"column":7}}},"9":{"name":"(anonymous_25)","decl":{"start":{"line":90,"column":17},"end":{"line":90,"column":26}},"loc":{"start":{"line":90,"column":28},"end":{"line":129,"column":8}}},"10":{"name":"(anonymous_26)","decl":{"start":{"line":90,"column":28},"end":{"line":90,"column":null}},"loc":{"start":{"line":90,"column":28},"end":{"line":129,"column":7}}},"11":{"name":"(anonymous_27)","decl":{"start":{"line":92,"column":31},"end":{"line":92,"column":32}},"loc":{"start":{"line":92,"column":47},"end":{"line":105,"column":11}}},"12":{"name":"(anonymous_28)","decl":{"start":{"line":102,"column":49},"end":{"line":102,"column":50}},"loc":{"start":{"line":102,"column":59},"end":{"line":102,"column":71}}},"13":{"name":"(anonymous_29)","decl":{"start":{"line":10,"column":25},"end":{"line":10,"column":32}},"loc":{"start":{"line":10,"column":66},"end":{"line":13,"column":4}}},"14":{"name":"(anonymous_30)","decl":{"start":{"line":10,"column":66},"end":{"line":10,"column":null}},"loc":{"start":{"line":10,"column":66},"end":{"line":13,"column":3}}},"15":{"name":"(anonymous_31)","decl":{"start":{"line":14,"column":18},"end":{"line":14,"column":41}},"loc":{"start":{"line":14,"column":43},"end":{"line":17,"column":4}}},"16":{"name":"(anonymous_32)","decl":{"start":{"line":14,"column":43},"end":{"line":14,"column":null}},"loc":{"start":{"line":14,"column":43},"end":{"line":17,"column":3}}}},"branchMap":{"0":{"loc":{"start":{"line":96,"column":12},"end":{"line":104,"column":13}},"type":"if","locations":[{"start":{"line":96,"column":12},"end":{"line":104,"column":13}},{"start":{"line":98,"column":19},"end":{"line":104,"column":13}}]},"1":{"loc":{"start":{"line":102,"column":30},"end":{"line":102,"column":72}},"type":"cond-expr","locations":[{"start":{"line":102,"column":35},"end":{"line":102,"column":37}},{"start":{"line":102,"column":30},"end":{"line":102,"column":72}}]},"2":{"loc":{"start":{"line":102,"column":30},"end":{"line":102,"column":37}},"type":"binary-expr","locations":[{"start":{"line":102,"column":30},"end":{"line":102,"column":37}},{"start":{"line":102,"column":30},"end":{"line":102,"column":37}}]}},"s":{"0":2,"1":2,"2":2,"3":2,"4":2,"5":2,"6":1,"7":1,"8":1,"9":3,"10":3,"11":3,"12":1,"13":1,"14":1,"15":1,"16":1,"17":1,"18":1,"19":1,"20":1,"21":1,"22":1,"23":1,"24":1,"25":1,"26":1,"27":1,"28":0,"29":0,"30":0,"31":0,"32":0,"33":0,"34":0,"35":0,"36":0,"37":0,"38":0,"39":0,"40":0,"41":0,"42":0,"43":2,"44":1,"45":1,"46":1,"47":2,"48":1,"49":1,"50":1,"51":2},"f":{"0":1,"1":1,"2":3,"3":1,"4":1,"5":1,"6":1,"7":1,"8":0,"9":0,"10":0,"11":0,"12":0,"13":1,"14":1,"15":1,"16":1},"b":{"0":[0,0],"1":[0,0],"2":[0,0]}}
,"/home/munendra.kushwaha/WORKSPACE/backend-training/src/modules/events/repository/index.ts": {"path":"/home/munendra.kushwaha/WORKSPACE/backend-training/src/modules/events/repository/index.ts","statementMap":{"0":{"start":{"line":1,"column":0},"end":{"line":1,"column":7}},"1":{"start":{"line":5,"column":9},"end":{"line":1,"column":33}},"2":{"start":{"line":2,"column":0},"end":{"line":2,"column":7}},"3":{"start":{"line":5,"column":21},"end":{"line":2,"column":35}},"4":{"start":{"line":3,"column":0},"end":{"line":3,"column":7}},"5":{"start":{"line":5,"column":34},"end":{"line":3,"column":38}}},"fnMap":{},"branchMap":{},"s":{"0":2,"1":2,"2":2,"3":2,"4":2,"5":2},"f":{},"b":{}}
,"/home/munendra.kushwaha/WORKSPACE/backend-training/src/modules/events/repository/model.ts": {"path":"/home/munendra.kushwaha/WORKSPACE/backend-training/src/modules/events/repository/model.ts","statementMap":{"0":{"start":{"line":1,"column":0},"end":{"line":1,"column":48}},"1":{"start":{"line":3,"column":0},"end":{"line":3,"column":35}},"2":{"start":{"line":5,"column":34},"end":{"line":5,"column":79}},"3":{"start":{"line":7,"column":0},"end":{"line":7,"column":26}}},"fnMap":{},"branchMap":{},"s":{"0":2,"1":2,"2":2,"3":2},"f":{},"b":{}}
,"/home/munendra.kushwaha/WORKSPACE/backend-training/src/modules/events/repository/repository.ts": {"path":"/home/munendra.kushwaha/WORKSPACE/backend-training/src/modules/events/repository/repository.ts","statementMap":{"0":{"start":{"line":3,"column":0},"end":{"line":3,"column":33}},"1":{"start":{"line":4,"column":0},"end":{"line":4,"column":62}},"2":{"start":{"line":5,"column":0},"end":{"line":5,"column":48}},"3":{"start":{"line":6,"column":0},"end":{"line":6,"column":58}},"4":{"start":{"line":12,"column":4},"end":{"line":12,"column":22}},"5":{"start":{"line":13,"column":4},"end":{"line":13,"column":33}},"6":{"start":{"line":16,"column":19},"end":{"line":16,"column":68}},"7":{"start":{"line":17,"column":4},"end":{"line":17,"column":18}},"8":{"start":{"line":21,"column":19},"end":{"line":21,"column":41}},"9":{"start":{"line":22,"column":4},"end":{"line":22,"column":18}},"10":{"start":{"line":25,"column":19},"end":{"line":25,"column":71}},"11":{"start":{"line":26,"column":4},"end":{"line":26,"column":18}},"12":{"start":{"line":30,"column":19},"end":{"line":35,"column":null}},"13":{"start":{"line":37,"column":4},"end":{"line":37,"column":18}},"14":{"start":{"line":41,"column":19},"end":{"line":41,"column":68}},"15":{"start":{"line":42,"column":4},"end":{"line":42,"column":18}},"16":{"start":{"line":46,"column":19},"end":{"line":46,"column":77}},"17":{"start":{"line":47,"column":4},"end":{"line":47,"column":18}},"18":{"start":{"line":51,"column":0},"end":{"line":51,"column":32}}},"fnMap":{"0":{"name":"(anonymous_8)","decl":{"start":{"line":11,"column":2},"end":{"line":11,"column":null}},"loc":{"start":{"line":11,"column":2},"end":{"line":14,"column":3}}},"1":{"name":"(anonymous_9)","decl":{"start":{"line":15,"column":8},"end":{"line":15,"column":21}},"loc":{"start":{"line":15,"column":38},"end":{"line":18,"column":null}}},"2":{"name":"(anonymous_11)","decl":{"start":{"line":20,"column":8},"end":{"line":20,"column":14}},"loc":{"start":{"line":20,"column":14},"end":{"line":23,"column":null}}},"3":{"name":"(anonymous_13)","decl":{"start":{"line":24,"column":8},"end":{"line":24,"column":16}},"loc":{"start":{"line":24,"column":44},"end":{"line":27,"column":null}}},"4":{"name":"(anonymous_15)","decl":{"start":{"line":29,"column":8},"end":{"line":29,"column":18}},"loc":{"start":{"line":29,"column":56},"end":{"line":38,"column":null}}},"5":{"name":"(anonymous_17)","decl":{"start":{"line":40,"column":8},"end":{"line":40,"column":18}},"loc":{"start":{"line":40,"column":34},"end":{"line":43,"column":null}}},"6":{"name":"(anonymous_19)","decl":{"start":{"line":45,"column":8},"end":{"line":45,"column":17}},"loc":{"start":{"line":45,"column":27},"end":{"line":48,"column":null}}}},"branchMap":{},"s":{"0":2,"1":2,"2":2,"3":2,"4":2,"5":2,"6":1,"7":1,"8":1,"9":1,"10":1,"11":1,"12":1,"13":1,"14":1,"15":1,"16":0,"17":0,"18":2},"f":{"0":2,"1":1,"2":1,"3":1,"4":1,"5":1,"6":0},"b":{}}
,"/home/munendra.kushwaha/WORKSPACE/backend-training/src/modules/events/repository/schema.ts": {"path":"/home/munendra.kushwaha/WORKSPACE/backend-training/src/modules/events/repository/schema.ts","statementMap":{"0":{"start":{"line":1,"column":0},"end":{"line":1,"column":34}},"1":{"start":{"line":4,"column":30},"end":{"line":10,"column":2}},"2":{"start":{"line":12,"column":28},"end":{"line":24,"column":null}},"3":{"start":{"line":27,"column":0},"end":{"line":27,"column":27}}},"fnMap":{},"branchMap":{},"s":{"0":2,"1":2,"2":2,"3":2},"f":{},"b":{}}
,"/home/munendra.kushwaha/WORKSPACE/backend-training/src/modules/events/repositoryBulk/model.ts": {"path":"/home/munendra.kushwaha/WORKSPACE/backend-training/src/modules/events/repositoryBulk/model.ts","statementMap":{"0":{"start":{"line":1,"column":0},"end":{"line":1,"column":48}},"1":{"start":{"line":2,"column":0},"end":{"line":2,"column":34}},"2":{"start":{"line":5,"column":36},"end":{"line":7,"column":null}},"3":{"start":{"line":9,"column":0},"end":{"line":9,"column":25}}},"fnMap":{},"branchMap":{},"s":{"0":2,"1":2,"2":2,"3":2},"f":{},"b":{}}
,"/home/munendra.kushwaha/WORKSPACE/backend-training/src/modules/events/repositoryBulk/modelError.ts": {"path":"/home/munendra.kushwaha/WORKSPACE/backend-training/src/modules/events/repositoryBulk/modelError.ts","statementMap":{"0":{"start":{"line":1,"column":0},"end":{"line":1,"column":48}},"1":{"start":{"line":2,"column":0},"end":{"line":2,"column":44}},"2":{"start":{"line":5,"column":42},"end":{"line":7,"column":null}},"3":{"start":{"line":10,"column":0},"end":{"line":10,"column":30}}},"fnMap":{},"branchMap":{},"s":{"0":2,"1":2,"2":2,"3":2},"f":{},"b":{}}
,"/home/munendra.kushwaha/WORKSPACE/backend-training/src/modules/events/repositoryBulk/schema.ts": {"path":"/home/munendra.kushwaha/WORKSPACE/backend-training/src/modules/events/repositoryBulk/schema.ts","statementMap":{"0":{"start":{"line":1,"column":0},"end":{"line":1,"column":34}},"1":{"start":{"line":4,"column":27},"end":{"line":16,"column":null}},"2":{"start":{"line":19,"column":0},"end":{"line":19,"column":26}}},"fnMap":{},"branchMap":{},"s":{"0":2,"1":2,"2":2},"f":{},"b":{}}
,"/home/munendra.kushwaha/WORKSPACE/backend-training/src/modules/events/repositoryBulk/schemaError.ts": {"path":"/home/munendra.kushwaha/WORKSPACE/backend-training/src/modules/events/repositoryBulk/schemaError.ts","statementMap":{"0":{"start":{"line":1,"column":0},"end":{"line":1,"column":34}},"1":{"start":{"line":4,"column":32},"end":{"line":8,"column":2}},"2":{"start":{"line":10,"column":0},"end":{"line":10,"column":31}}},"fnMap":{},"branchMap":{},"s":{"0":2,"1":2,"2":2},"f":{},"b":{}}
,"/home/munendra.kushwaha/WORKSPACE/backend-training/src/modules/users/controller.ts": {"path":"/home/munendra.kushwaha/WORKSPACE/backend-training/src/modules/users/controller.ts","statementMap":{"0":{"start":{"line":2,"column":0},"end":{"line":2,"column":28}},"1":{"start":{"line":6,"column":9},"end":{"line":6,"column":17}},"2":{"start":{"line":6,"column":69},"end":{"line":20,"column":4}},"3":{"start":{"line":7,"column":4},"end":{"line":19,"column":5}},"4":{"start":{"line":8,"column":32},"end":{"line":8,"column":40}},"5":{"start":{"line":9,"column":35},"end":{"line":9,"column":65}},"6":{"start":{"line":10,"column":6},"end":{"line":15,"column":7}},"7":{"start":{"line":11,"column":30},"end":{"line":11,"column":62}},"8":{"start":{"line":12,"column":8},"end":{"line":14,"column":65}},"9":{"start":{"line":16,"column":6},"end":{"line":16,"column":70}},"10":{"start":{"line":18,"column":6},"end":{"line":18,"column":62}},"11":{"start":{"line":22,"column":9},"end":{"line":22,"column":20}},"12":{"start":{"line":22,"column":72},"end":{"line":32,"column":4}},"13":{"start":{"line":23,"column":4},"end":{"line":31,"column":5}},"14":{"start":{"line":24,"column":34},"end":{"line":24,"column":42}},"15":{"start":{"line":25,"column":28},"end":{"line":25,"column":64}},"16":{"start":{"line":26,"column":6},"end":{"line":27,"column":71}},"17":{"start":{"line":27,"column":8},"end":{"line":27,"column":71}},"18":{"start":{"line":28,"column":6},"end":{"line":28,"column":74}},"19":{"start":{"line":30,"column":6},"end":{"line":30,"column":62}},"20":{"start":{"line":5,"column":21},"end":{"line":5,"column":null}}},"fnMap":{"0":{"name":"(anonymous_7)","decl":{"start":{"line":6,"column":17},"end":{"line":6,"column":24}},"loc":{"start":{"line":6,"column":69},"end":{"line":20,"column":4}}},"1":{"name":"(anonymous_8)","decl":{"start":{"line":6,"column":69},"end":{"line":6,"column":null}},"loc":{"start":{"line":6,"column":69},"end":{"line":20,"column":3}}},"2":{"name":"(anonymous_9)","decl":{"start":{"line":22,"column":20},"end":{"line":22,"column":27}},"loc":{"start":{"line":22,"column":72},"end":{"line":32,"column":4}}},"3":{"name":"(anonymous_10)","decl":{"start":{"line":22,"column":72},"end":{"line":22,"column":null}},"loc":{"start":{"line":22,"column":72},"end":{"line":32,"column":3}}}},"branchMap":{"0":{"loc":{"start":{"line":10,"column":6},"end":{"line":15,"column":7}},"type":"if","locations":[{"start":{"line":10,"column":6},"end":{"line":15,"column":7}}]},"1":{"loc":{"start":{"line":26,"column":6},"end":{"line":27,"column":71}},"type":"if","locations":[{"start":{"line":26,"column":6},"end":{"line":27,"column":71}}]}},"s":{"0":2,"1":2,"2":4,"3":4,"4":4,"5":4,"6":2,"7":2,"8":2,"9":0,"10":2,"11":2,"12":4,"13":4,"14":4,"15":4,"16":4,"17":2,"18":2,"19":0,"20":2},"f":{"0":4,"1":4,"2":4,"3":4},"b":{"0":[2],"1":[2]}}
,"/home/munendra.kushwaha/WORKSPACE/backend-training/src/modules/users/index.ts": {"path":"/home/munendra.kushwaha/WORKSPACE/backend-training/src/modules/users/index.ts","statementMap":{"0":{"start":{"line":1,"column":0},"end":{"line":1,"column":7}},"1":{"start":{"line":5,"column":9},"end":{"line":1,"column":29}},"2":{"start":{"line":2,"column":0},"end":{"line":2,"column":7}},"3":{"start":{"line":5,"column":17},"end":{"line":2,"column":38}},"4":{"start":{"line":3,"column":0},"end":{"line":3,"column":7}},"5":{"start":{"line":5,"column":29},"end":{"line":3,"column":32}}},"fnMap":{},"branchMap":{},"s":{"0":2,"1":2,"2":2,"3":2,"4":2,"5":2},"f":{},"b":{}}
,"/home/munendra.kushwaha/WORKSPACE/backend-training/src/modules/users/route.ts": {"path":"/home/munendra.kushwaha/WORKSPACE/backend-training/src/modules/users/route.ts","statementMap":{"0":{"start":{"line":1,"column":0},"end":{"line":1,"column":33}},"1":{"start":{"line":2,"column":0},"end":{"line":2,"column":46}},"2":{"start":{"line":3,"column":0},"end":{"line":3,"column":58}},"3":{"start":{"line":5,"column":23},"end":{"line":5,"column":31}},"4":{"start":{"line":33,"column":0},"end":{"line":35,"column":63}},"5":{"start":{"line":74,"column":0},"end":{"line":76,"column":58}},"6":{"start":{"line":78,"column":0},"end":{"line":78,"column":22}}},"fnMap":{},"branchMap":{},"s":{"0":2,"1":2,"2":2,"3":2,"4":2,"5":2,"6":2},"f":{},"b":{}}
,"/home/munendra.kushwaha/WORKSPACE/backend-training/src/modules/users/service.ts": {"path":"/home/munendra.kushwaha/WORKSPACE/backend-training/src/modules/users/service.ts","statementMap":{"0":{"start":{"line":1,"column":0},"end":{"line":1,"column":31}},"1":{"start":{"line":2,"column":0},"end":{"line":2,"column":28}},"2":{"start":{"line":3,"column":0},"end":{"line":3,"column":42}},"3":{"start":{"line":8,"column":26},"end":{"line":10,"column":6}},"4":{"start":{"line":11,"column":4},"end":{"line":11,"column":17}},"5":{"start":{"line":15,"column":32},"end":{"line":15,"column":41}},"6":{"start":{"line":16,"column":38},"end":{"line":16,"column":47}},"7":{"start":{"line":17,"column":22},"end":{"line":17,"column":58}},"8":{"start":{"line":19,"column":4},"end":{"line":22,"column":5}},"9":{"start":{"line":20,"column":21},"end":{"line":20,"column":69}},"10":{"start":{"line":21,"column":6},"end":{"line":21,"column":20}},"11":{"start":{"line":23,"column":4},"end":{"line":23,"column":17}},"12":{"start":{"line":27,"column":19},"end":{"line":27,"column":53}},"13":{"start":{"line":28,"column":4},"end":{"line":28,"column":18}},"14":{"start":{"line":31,"column":0},"end":{"line":31,"column":23}}},"fnMap":{"0":{"name":"(anonymous_8)","decl":{"start":{"line":7,"column":2},"end":{"line":7,"column":8}},"loc":{"start":{"line":7,"column":40},"end":{"line":12,"column":3}}},"1":{"name":"(anonymous_9)","decl":{"start":{"line":14,"column":2},"end":{"line":14,"column":8}},"loc":{"start":{"line":14,"column":38},"end":{"line":24,"column":null}}},"2":{"name":"(anonymous_11)","decl":{"start":{"line":26,"column":2},"end":{"line":26,"column":8}},"loc":{"start":{"line":26,"column":38},"end":{"line":29,"column":null}}}},"branchMap":{"0":{"loc":{"start":{"line":19,"column":4},"end":{"line":22,"column":5}},"type":"if","locations":[{"start":{"line":19,"column":4},"end":{"line":22,"column":5}}]}},"s":{"0":2,"1":2,"2":2,"3":2,"4":2,"5":4,"6":4,"7":4,"8":4,"9":4,"10":2,"11":0,"12":4,"13":4,"14":2},"f":{"0":2,"1":4,"2":4},"b":{"0":[4]}}
,"/home/munendra.kushwaha/WORKSPACE/backend-training/src/modules/users/middleware/authenticate.ts": {"path":"/home/munendra.kushwaha/WORKSPACE/backend-training/src/modules/users/middleware/authenticate.ts","statementMap":{"0":{"start":{"line":2,"column":0},"end":{"line":2,"column":31}},"1":{"start":{"line":5,"column":21},"end":{"line":5,"column":65}},"2":{"start":{"line":7,"column":11},"end":{"line":32,"column":6}},"3":{"start":{"line":12,"column":27},"end":{"line":12,"column":54}},"4":{"start":{"line":13,"column":8},"end":{"line":16,"column":9}},"5":{"start":{"line":14,"column":12},"end":{"line":14,"column":19}},"6":{"start":{"line":15,"column":12},"end":{"line":15,"column":19}},"7":{"start":{"line":17,"column":8},"end":{"line":31,"column":9}},"8":{"start":{"line":18,"column":53},"end":{"line":20,"column":null}},"9":{"start":{"line":22,"column":12},"end":{"line":24,"column":73}},"10":{"start":{"line":26,"column":12},"end":{"line":29,"column":13}},"11":{"start":{"line":27,"column":16},"end":{"line":27,"column":23}},"12":{"start":{"line":28,"column":16},"end":{"line":28,"column":23}},"13":{"start":{"line":30,"column":12},"end":{"line":30,"column":53}},"14":{"start":{"line":35,"column":0},"end":{"line":35,"column":36}}},"fnMap":{"0":{"name":"(anonymous_1)","decl":{"start":{"line":4,"column":0},"end":{"line":4,"column":6}},"loc":{"start":{"line":4,"column":0},"end":{"line":33,"column":1}}},"1":{"name":"(anonymous_2)","decl":{"start":{"line":7,"column":26},"end":{"line":7,"column":null}},"loc":{"start":{"line":11,"column":56},"end":{"line":32,"column":5}}}},"branchMap":{"0":{"loc":{"start":{"line":13,"column":8},"end":{"line":16,"column":9}},"type":"if","locations":[{"start":{"line":13,"column":8},"end":{"line":16,"column":9}}]},"1":{"loc":{"start":{"line":26,"column":12},"end":{"line":29,"column":13}},"type":"if","locations":[{"start":{"line":26,"column":12},"end":{"line":29,"column":13}}]}},"s":{"0":2,"1":2,"2":2,"3":4,"4":4,"5":4,"6":4,"7":0,"8":0,"9":0,"10":0,"11":0,"12":0,"13":0,"14":2},"f":{"0":2,"1":4},"b":{"0":[4],"1":[0]}}
,"/home/munendra.kushwaha/WORKSPACE/backend-training/src/modules/users/middleware/index.ts": {"path":"/home/munendra.kushwaha/WORKSPACE/backend-training/src/modules/users/middleware/index.ts","statementMap":{"0":{"start":{"line":1,"column":0},"end":{"line":1,"column":7}},"1":{"start":{"line":4,"column":9},"end":{"line":1,"column":44}},"2":{"start":{"line":2,"column":0},"end":{"line":2,"column":7}},"3":{"start":{"line":4,"column":25},"end":{"line":2,"column":36}}},"fnMap":{},"branchMap":{},"s":{"0":2,"1":2,"2":2,"3":2},"f":{},"b":{}}
,"/home/munendra.kushwaha/WORKSPACE/backend-training/src/modules/users/middleware/validate.ts": {"path":"/home/munendra.kushwaha/WORKSPACE/backend-training/src/modules/users/middleware/validate.ts","statementMap":{"0":{"start":{"line":2,"column":0},"end":{"line":2,"column":44}},"1":{"start":{"line":5,"column":11},"end":{"line":16,"column":6}},"2":{"start":{"line":6,"column":26},"end":{"line":8,"column":10}},"3":{"start":{"line":9,"column":8},"end":{"line":13,"column":9}},"4":{"start":{"line":10,"column":12},"end":{"line":12,"column":79}},"5":{"start":{"line":14,"column":8},"end":{"line":14,"column":15}},"6":{"start":{"line":15,"column":8},"end":{"line":15,"column":25}},"7":{"start":{"line":19,"column":0},"end":{"line":19,"column":26}}},"fnMap":{"0":{"name":"(anonymous_1)","decl":{"start":{"line":5,"column":22},"end":{"line":5,"column":23}},"loc":{"start":{"line":5,"column":79},"end":{"line":16,"column":5}}}},"branchMap":{"0":{"loc":{"start":{"line":9,"column":8},"end":{"line":13,"column":9}},"type":"if","locations":[{"start":{"line":9,"column":8},"end":{"line":13,"column":9}}]}},"s":{"0":2,"1":2,"2":4,"3":4,"4":0,"5":4,"6":4,"7":2},"f":{"0":4},"b":{"0":[0]}}
,"/home/munendra.kushwaha/WORKSPACE/backend-training/src/modules/users/repository/index.ts": {"path":"/home/munendra.kushwaha/WORKSPACE/backend-training/src/modules/users/repository/index.ts","statementMap":{"0":{"start":{"line":1,"column":0},"end":{"line":1,"column":7}},"1":{"start":{"line":5,"column":9},"end":{"line":1,"column":32}},"2":{"start":{"line":2,"column":0},"end":{"line":2,"column":7}},"3":{"start":{"line":5,"column":20},"end":{"line":2,"column":34}},"4":{"start":{"line":3,"column":0},"end":{"line":3,"column":7}},"5":{"start":{"line":5,"column":32},"end":{"line":3,"column":38}}},"fnMap":{},"branchMap":{},"s":{"0":2,"1":2,"2":2,"3":2,"4":2,"5":2},"f":{},"b":{}}
,"/home/munendra.kushwaha/WORKSPACE/backend-training/src/modules/users/repository/model.ts": {"path":"/home/munendra.kushwaha/WORKSPACE/backend-training/src/modules/users/repository/model.ts","statementMap":{"0":{"start":{"line":1,"column":0},"end":{"line":1,"column":48}},"1":{"start":{"line":2,"column":0},"end":{"line":2,"column":34}},"2":{"start":{"line":5,"column":32},"end":{"line":5,"column":74}},"3":{"start":{"line":6,"column":0},"end":{"line":6,"column":25}}},"fnMap":{},"branchMap":{},"s":{"0":2,"1":2,"2":2,"3":2},"f":{},"b":{}}
,"/home/munendra.kushwaha/WORKSPACE/backend-training/src/modules/users/repository/repository.ts": {"path":"/home/munendra.kushwaha/WORKSPACE/backend-training/src/modules/users/repository/repository.ts","statementMap":{"0":{"start":{"line":2,"column":0},"end":{"line":2,"column":28}},"1":{"start":{"line":3,"column":0},"end":{"line":3,"column":30}},"2":{"start":{"line":5,"column":0},"end":{"line":5,"column":52}},"3":{"start":{"line":11,"column":4},"end":{"line":11,"column":21}},"4":{"start":{"line":12,"column":4},"end":{"line":12,"column":31}},"5":{"start":{"line":16,"column":36},"end":{"line":18,"column":6}},"6":{"start":{"line":19,"column":4},"end":{"line":27,"column":5}},"7":{"start":{"line":20,"column":35},"end":{"line":20,"column":74}},"8":{"start":{"line":21,"column":19},"end":{"line":23,"column":null}},"9":{"start":{"line":25,"column":21},"end":{"line":25,"column":57}},"10":{"start":{"line":26,"column":6},"end":{"line":26,"column":20}},"11":{"start":{"line":28,"column":4},"end":{"line":28,"column":45}},"12":{"start":{"line":31,"column":0},"end":{"line":31,"column":32}}},"fnMap":{"0":{"name":"(anonymous_8)","decl":{"start":{"line":10,"column":2},"end":{"line":10,"column":null}},"loc":{"start":{"line":10,"column":2},"end":{"line":13,"column":3}}},"1":{"name":"(anonymous_9)","decl":{"start":{"line":15,"column":15},"end":{"line":15,"column":23}},"loc":{"start":{"line":15,"column":38},"end":{"line":29,"column":null}}}},"branchMap":{"0":{"loc":{"start":{"line":19,"column":4},"end":{"line":27,"column":5}},"type":"if","locations":[{"start":{"line":19,"column":4},"end":{"line":27,"column":5}}]}},"s":{"0":2,"1":2,"2":2,"3":2,"4":2,"5":4,"6":4,"7":2,"8":2,"9":2,"10":2,"11":2,"12":2},"f":{"0":2,"1":4},"b":{"0":[2]}}
,"/home/munendra.kushwaha/WORKSPACE/backend-training/src/modules/users/repository/schema.ts": {"path":"/home/munendra.kushwaha/WORKSPACE/backend-training/src/modules/users/repository/schema.ts","statementMap":{"0":{"start":{"line":1,"column":0},"end":{"line":1,"column":34}},"1":{"start":{"line":4,"column":27},"end":{"line":9,"column":2}},"2":{"start":{"line":11,"column":0},"end":{"line":11,"column":26}}},"fnMap":{},"branchMap":{},"s":{"0":2,"1":2,"2":2},"f":{},"b":{}}
,"/home/munendra.kushwaha/WORKSPACE/backend-training/src/modules/users/schema/joiSchema.ts": {"path":"/home/munendra.kushwaha/WORKSPACE/backend-training/src/modules/users/schema/joiSchema.ts","statementMap":{"0":{"start":{"line":1,"column":0},"end":{"line":1,"column":22}},"1":{"start":{"line":4,"column":11},"end":{"line":16,"column":7}},"2":{"start":{"line":4,"column":51},"end":{"line":16,"column":6}},"3":{"start":{"line":18,"column":0},"end":{"line":18,"column":25}}},"fnMap":{"0":{"name":"(anonymous_1)","decl":{"start":{"line":4,"column":22},"end":{"line":4,"column":48}},"loc":{"start":{"line":4,"column":51},"end":{"line":16,"column":6}}}},"branchMap":{},"s":{"0":2,"1":2,"2":4,"3":2},"f":{"0":4},"b":{}}
}
