{"/home/munendra.kushwaha/WORKSPACE/backend-training/src/app.ts": {"path":"/home/munendra.kushwaha/WORKSPACE/backend-training/src/app.ts","statementMap":{"0":{"start":{"line":1,"column":0},"end":{"line":1,"column":30}},"1":{"start":{"line":2,"column":0},"end":{"line":2,"column":24}},"2":{"start":{"line":3,"column":0},"end":{"line":3,"column":28}},"3":{"start":{"line":4,"column":0},"end":{"line":4,"column":43}},"4":{"start":{"line":5,"column":0},"end":{"line":5,"column":57}},"5":{"start":{"line":6,"column":0},"end":{"line":6,"column":55}},"6":{"start":{"line":7,"column":0},"end":{"line":7,"column":57}},"7":{"start":{"line":8,"column":0},"end":{"line":8,"column":47}},"8":{"start":{"line":10,"column":0},"end":{"line":10,"column":52}},"9":{"start":{"line":11,"column":0},"end":{"line":11,"column":36}},"10":{"start":{"line":17,"column":4},"end":{"line":17,"column":20}},"11":{"start":{"line":18,"column":4},"end":{"line":18,"column":25}},"12":{"start":{"line":22,"column":4},"end":{"line":22,"column":27}},"13":{"start":{"line":23,"column":4},"end":{"line":23,"column":18}},"14":{"start":{"line":27,"column":4},"end":{"line":27,"column":41}},"15":{"start":{"line":28,"column":4},"end":{"line":28,"column":20}},"16":{"start":{"line":29,"column":4},"end":{"line":29,"column":33}},"17":{"start":{"line":30,"column":4},"end":{"line":37,"column":6}},"18":{"start":{"line":38,"column":4},"end":{"line":38,"column":49}},"19":{"start":{"line":39,"column":4},"end":{"line":39,"column":58}},"20":{"start":{"line":43,"column":4},"end":{"line":43,"column":39}},"21":{"start":{"line":44,"column":4},"end":{"line":44,"column":41}},"22":{"start":{"line":45,"column":4},"end":{"line":45,"column":77}},"23":{"start":{"line":46,"column":4},"end":{"line":51,"column":6}},"24":{"start":{"line":49,"column":8},"end":{"line":49,"column":52}},"25":{"start":{"line":53,"column":4},"end":{"line":55,"column":7}},"26":{"start":{"line":54,"column":6},"end":{"line":54,"column":44}},"27":{"start":{"line":60,"column":4},"end":{"line":62,"column":7}},"28":{"start":{"line":61,"column":6},"end":{"line":61,"column":61}},"29":{"start":{"line":65,"column":0},"end":{"line":65,"column":22}}},"fnMap":{"0":{"name":"(anonymous_8)","decl":{"start":{"line":16,"column":2},"end":{"line":16,"column":null}},"loc":{"start":{"line":16,"column":2},"end":{"line":19,"column":3}}},"1":{"name":"(anonymous_9)","decl":{"start":{"line":21,"column":8},"end":{"line":21,"column":17}},"loc":{"start":{"line":21,"column":17},"end":{"line":24,"column":null}}},"2":{"name":"(anonymous_11)","decl":{"start":{"line":26,"column":8},"end":{"line":26,"column":17}},"loc":{"start":{"line":26,"column":17},"end":{"line":40,"column":null}}},"3":{"name":"(anonymous_13)","decl":{"start":{"line":42,"column":2},"end":{"line":42,"column":8}},"loc":{"start":{"line":42,"column":8},"end":{"line":56,"column":3}}},"4":{"name":"(anonymous_14)","decl":{"start":{"line":48,"column":6},"end":{"line":48,"column":7}},"loc":{"start":{"line":48,"column":54},"end":{"line":50,"column":7}}},"5":{"name":"(anonymous_15)","decl":{"start":{"line":53,"column":22},"end":{"line":53,"column":23}},"loc":{"start":{"line":53,"column":70},"end":{"line":55,"column":5}}},"6":{"name":"(anonymous_16)","decl":{"start":{"line":58,"column":9},"end":{"line":58,"column":14}},"loc":{"start":{"line":58,"column":14},"end":{"line":63,"column":3}}},"7":{"name":"(anonymous_17)","decl":{"start":{"line":60,"column":39},"end":{"line":60,"column":42}},"loc":{"start":{"line":60,"column":44},"end":{"line":62,"column":5}}}},"branchMap":{},"s":{"0":3,"1":3,"2":3,"3":3,"4":3,"5":3,"6":3,"7":3,"8":3,"9":3,"10":3,"11":3,"12":45,"13":45,"14":45,"15":45,"16":45,"17":45,"18":45,"19":45,"20":45,"21":45,"22":45,"23":45,"24":1,"25":45,"26":1,"27":0,"28":0,"29":3},"f":{"0":3,"1":45,"2":45,"3":45,"4":1,"5":1,"6":0,"7":0},"b":{}}
,"/home/munendra.kushwaha/WORKSPACE/backend-training/src/config.ts": {"path":"/home/munendra.kushwaha/WORKSPACE/backend-training/src/config.ts","statementMap":{"0":{"start":{"line":1,"column":0},"end":{"line":1,"column":28}},"1":{"start":{"line":8,"column":0},"end":{"line":8,"column":16}},"2":{"start":{"line":10,"column":35},"end":{"line":15,"column":2}},"3":{"start":{"line":17,"column":0},"end":{"line":17,"column":28}}},"fnMap":{},"branchMap":{"0":{"loc":{"start":{"line":11,"column":11},"end":{"line":11,"column":48}},"type":"cond-expr","locations":[{"start":{"line":11,"column":31},"end":{"line":11,"column":35}},{"start":{"line":11,"column":35},"end":{"line":11,"column":48}}]},"1":{"loc":{"start":{"line":11,"column":11},"end":{"line":11,"column":35}},"type":"binary-expr","locations":[{"start":{"line":11,"column":11},"end":{"line":11,"column":35}},{"start":{"line":11,"column":31},"end":{"line":11,"column":35}}]},"2":{"loc":{"start":{"line":12,"column":17},"end":{"line":12,"column":43}},"type":"cond-expr","locations":[{"start":{"line":12,"column":33},"end":{"line":12,"column":37}},{"start":{"line":12,"column":37},"end":{"line":12,"column":43}}]},"3":{"loc":{"start":{"line":12,"column":17},"end":{"line":12,"column":37}},"type":"binary-expr","locations":[{"start":{"line":12,"column":17},"end":{"line":12,"column":37}},{"start":{"line":12,"column":33},"end":{"line":12,"column":37}}]},"4":{"loc":{"start":{"line":13,"column":13},"end":{"line":13,"column":41}},"type":"cond-expr","locations":[{"start":{"line":13,"column":35},"end":{"line":13,"column":39}},{"start":{"line":13,"column":39},"end":{"line":13,"column":41}}]},"5":{"loc":{"start":{"line":13,"column":13},"end":{"line":13,"column":39}},"type":"binary-expr","locations":[{"start":{"line":13,"column":13},"end":{"line":13,"column":39}},{"start":{"line":13,"column":35},"end":{"line":13,"column":39}}]},"6":{"loc":{"start":{"line":14,"column":12},"end":{"line":14,"column":39}},"type":"cond-expr","locations":[{"start":{"line":14,"column":33},"end":{"line":14,"column":37}},{"start":{"line":14,"column":37},"end":{"line":14,"column":39}}]},"7":{"loc":{"start":{"line":14,"column":12},"end":{"line":14,"column":37}},"type":"binary-expr","locations":[{"start":{"line":14,"column":12},"end":{"line":14,"column":37}},{"start":{"line":14,"column":33},"end":{"line":14,"column":37}}]}},"s":{"0":3,"1":3,"2":3,"3":3},"f":{},"b":{"0":[3,0],"1":[3,3],"2":[3,0],"3":[3,3],"4":[3,0],"5":[3,3],"6":[3,0],"7":[3,3]}}
,"/home/munendra.kushwaha/WORKSPACE/backend-training/src/docs/swaggerConfig.ts": {"path":"/home/munendra.kushwaha/WORKSPACE/backend-training/src/docs/swaggerConfig.ts","statementMap":{"0":{"start":{"line":1,"column":0},"end":{"line":1,"column":41}},"1":{"start":{"line":3,"column":38},"end":{"line":19,"column":2}},"2":{"start":{"line":21,"column":25},"end":{"line":21,"column":46}},"3":{"start":{"line":23,"column":0},"end":{"line":23,"column":27}}},"fnMap":{},"branchMap":{},"s":{"0":3,"1":3,"2":3,"3":3},"f":{},"b":{}}
,"/home/munendra.kushwaha/WORKSPACE/backend-training/src/lib/Connection.ts": {"path":"/home/munendra.kushwaha/WORKSPACE/backend-training/src/lib/Connection.ts","statementMap":{"0":{"start":{"line":1,"column":0},"end":{"line":1,"column":32}},"1":{"start":{"line":4,"column":19},"end":{"line":4,"column":63}},"2":{"start":{"line":6,"column":2},"end":{"line":13,"column":4}},"3":{"start":{"line":6,"column":39},"end":{"line":13,"column":4}},"4":{"start":{"line":7,"column":4},"end":{"line":12,"column":5}},"5":{"start":{"line":8,"column":6},"end":{"line":8,"column":39}},"6":{"start":{"line":9,"column":6},"end":{"line":9,"column":43}},"7":{"start":{"line":11,"column":6},"end":{"line":11,"column":50}},"8":{"start":{"line":15,"column":2},"end":{"line":22,"column":4}},"9":{"start":{"line":15,"column":42},"end":{"line":22,"column":4}},"10":{"start":{"line":16,"column":4},"end":{"line":21,"column":5}},"11":{"start":{"line":17,"column":6},"end":{"line":17,"column":34}},"12":{"start":{"line":18,"column":6},"end":{"line":18,"column":47}},"13":{"start":{"line":20,"column":6},"end":{"line":20,"column":48}},"14":{"start":{"line":25,"column":0},"end":{"line":25,"column":32}}},"fnMap":{"0":{"name":"(anonymous_8)","decl":{"start":{"line":3,"column":0},"end":{"line":3,"column":6}},"loc":{"start":{"line":3,"column":0},"end":{"line":23,"column":1}}},"1":{"name":"(anonymous_9)","decl":{"start":{"line":6,"column":14},"end":{"line":6,"column":37}},"loc":{"start":{"line":6,"column":39},"end":{"line":13,"column":4}}},"2":{"name":"(anonymous_10)","decl":{"start":{"line":6,"column":39},"end":{"line":6,"column":null}},"loc":{"start":{"line":6,"column":39},"end":{"line":13,"column":3}}},"3":{"name":"(anonymous_11)","decl":{"start":{"line":15,"column":17},"end":{"line":15,"column":40}},"loc":{"start":{"line":15,"column":42},"end":{"line":22,"column":4}}},"4":{"name":"(anonymous_12)","decl":{"start":{"line":15,"column":42},"end":{"line":15,"column":null}},"loc":{"start":{"line":15,"column":42},"end":{"line":22,"column":3}}}},"branchMap":{},"s":{"0":3,"1":3,"2":3,"3":90,"4":90,"5":90,"6":90,"7":0,"8":3,"9":59,"10":59,"11":59,"12":59,"13":0,"14":3},"f":{"0":3,"1":90,"2":90,"3":59,"4":59},"b":{}}
,"/home/munendra.kushwaha/WORKSPACE/backend-training/src/lib/index.ts": {"path":"/home/munendra.kushwaha/WORKSPACE/backend-training/src/lib/index.ts","statementMap":{"0":{"start":{"line":1,"column":0},"end":{"line":1,"column":7}},"1":{"start":{"line":4,"column":9},"end":{"line":1,"column":38}},"2":{"start":{"line":2,"column":0},"end":{"line":2,"column":7}},"3":{"start":{"line":4,"column":21},"end":{"line":2,"column":51}}},"fnMap":{},"branchMap":{},"s":{"0":3,"1":3,"2":3,"3":3},"f":{},"b":{}}
,"/home/munendra.kushwaha/WORKSPACE/backend-training/src/lib/base/baseRepository.ts": {"path":"/home/munendra.kushwaha/WORKSPACE/backend-training/src/lib/base/baseRepository.ts","statementMap":{"0":{"start":{"line":8,"column":8},"end":{"line":8,"column":27}},"1":{"start":{"line":12,"column":8},"end":{"line":12,"column":49}},"2":{"start":{"line":16,"column":8},"end":{"line":16,"column":49}},"3":{"start":{"line":20,"column":8},"end":{"line":20,"column":45}},"4":{"start":{"line":24,"column":0},"end":{"line":24,"column":30}}},"fnMap":{"0":{"name":"(anonymous_7)","decl":{"start":{"line":7,"column":4},"end":{"line":7,"column":16}},"loc":{"start":{"line":7,"column":31},"end":{"line":9,"column":5}}},"1":{"name":"(anonymous_8)","decl":{"start":{"line":11,"column":17},"end":{"line":11,"column":23}},"loc":{"start":{"line":11,"column":31},"end":{"line":13,"column":null}}},"2":{"name":"(anonymous_10)","decl":{"start":{"line":15,"column":17},"end":{"line":15,"column":29}},"loc":{"start":{"line":15,"column":29},"end":{"line":17,"column":null}}},"3":{"name":"(anonymous_12)","decl":{"start":{"line":19,"column":17},"end":{"line":19,"column":28}},"loc":{"start":{"line":19,"column":51},"end":{"line":21,"column":null}}}},"branchMap":{},"s":{"0":6,"1":2,"2":1,"3":12,"4":3},"f":{"0":6,"1":2,"2":1,"3":12},"b":{}}
,"/home/munendra.kushwaha/WORKSPACE/backend-training/src/middlewares/OtherMiddleware.ts": {"path":"/home/munendra.kushwaha/WORKSPACE/backend-training/src/middlewares/OtherMiddleware.ts","statementMap":{"0":{"start":{"line":2,"column":0},"end":{"line":2,"column":69}},"1":{"start":{"line":5,"column":11},"end":{"line":5,"column":17}},"2":{"start":{"line":7,"column":11},"end":{"line":7,"column":29}},"3":{"start":{"line":12,"column":8},"end":{"line":12,"column":58}},"4":{"start":{"line":13,"column":8},"end":{"line":13,"column":15}},"5":{"start":{"line":16,"column":11},"end":{"line":16,"column":17}},"6":{"start":{"line":16,"column":52},"end":{"line":43,"column":6}},"7":{"start":{"line":17,"column":8},"end":{"line":42,"column":9}},"8":{"start":{"line":18,"column":37},"end":{"line":19,"column":null}},"9":{"start":{"line":21,"column":32},"end":{"line":33,"column":null}},"10":{"start":{"line":36,"column":30},"end":{"line":36,"column":45}},"11":{"start":{"line":37,"column":12},"end":{"line":37,"column":24}},"12":{"start":{"line":40,"column":12},"end":{"line":40,"column":33}},"13":{"start":{"line":41,"column":12},"end":{"line":41,"column":24}},"14":{"start":{"line":45,"column":11},"end":{"line":45,"column":25}},"15":{"start":{"line":49,"column":22},"end":{"line":63,"column":6}},"16":{"start":{"line":52,"column":27},"end":{"line":52,"column":42}},"17":{"start":{"line":53,"column":8},"end":{"line":62,"column":9}},"18":{"start":{"line":54,"column":34},"end":{"line":54,"column":52}},"19":{"start":{"line":55,"column":12},"end":{"line":57,"column":13}},"20":{"start":{"line":56,"column":16},"end":{"line":56,"column":77}},"21":{"start":{"line":58,"column":12},"end":{"line":58,"column":53}},"22":{"start":{"line":59,"column":12},"end":{"line":59,"column":19}},"23":{"start":{"line":61,"column":12},"end":{"line":61,"column":31}},"24":{"start":{"line":65,"column":11},"end":{"line":65,"column":20}},"25":{"start":{"line":66,"column":8},"end":{"line":70,"column":10}},"26":{"start":{"line":71,"column":8},"end":{"line":71,"column":15}},"27":{"start":{"line":75,"column":0},"end":{"line":75,"column":31}}},"fnMap":{"0":{"name":"(anonymous_7)","decl":{"start":{"line":7,"column":29},"end":{"line":7,"column":null}},"loc":{"start":{"line":11,"column":14},"end":{"line":14,"column":null}}},"1":{"name":"(anonymous_8)","decl":{"start":{"line":16,"column":17},"end":{"line":16,"column":24}},"loc":{"start":{"line":16,"column":52},"end":{"line":43,"column":6}}},"2":{"name":"(anonymous_9)","decl":{"start":{"line":16,"column":52},"end":{"line":16,"column":null}},"loc":{"start":{"line":16,"column":52},"end":{"line":43,"column":5}}},"3":{"name":"(anonymous_10)","decl":{"start":{"line":45,"column":25},"end":{"line":45,"column":null}},"loc":{"start":{"line":49,"column":22},"end":{"line":63,"column":6}}},"4":{"name":"(anonymous_11)","decl":{"start":{"line":49,"column":22},"end":{"line":49,"column":null}},"loc":{"start":{"line":49,"column":22},"end":{"line":63,"column":5}}},"5":{"name":"(anonymous_12)","decl":{"start":{"line":65,"column":20},"end":{"line":65,"column":21}},"loc":{"start":{"line":65,"column":78},"end":{"line":72,"column":null}}}},"branchMap":{"0":{"loc":{"start":{"line":55,"column":12},"end":{"line":57,"column":13}},"type":"if","locations":[{"start":{"line":55,"column":12},"end":{"line":57,"column":13}}]}},"s":{"0":3,"1":3,"2":3,"3":45,"4":45,"5":3,"6":0,"7":0,"8":0,"9":0,"10":0,"11":0,"12":0,"13":0,"14":3,"15":0,"16":0,"17":0,"18":0,"19":0,"20":0,"21":0,"22":0,"23":0,"24":3,"25":45,"26":45,"27":3},"f":{"0":45,"1":0,"2":0,"3":0,"4":0,"5":45},"b":{"0":[0]}}
,"/home/munendra.kushwaha/WORKSPACE/backend-training/src/middlewares/index.ts": {"path":"/home/munendra.kushwaha/WORKSPACE/backend-training/src/middlewares/index.ts","statementMap":{"0":{"start":{"line":1,"column":0},"end":{"line":1,"column":56}},"1":{"start":{"line":3,"column":0},"end":{"line":3,"column":39}}},"fnMap":{},"branchMap":{},"s":{"0":3,"1":3},"f":{},"b":{}}
,"/home/munendra.kushwaha/WORKSPACE/backend-training/src/modules/events/controller.ts": {"path":"/home/munendra.kushwaha/WORKSPACE/backend-training/src/modules/events/controller.ts","statementMap":{"0":{"start":{"line":2,"column":0},"end":{"line":2,"column":34}},"1":{"start":{"line":7,"column":4},"end":{"line":15,"column":6}},"2":{"start":{"line":7,"column":72},"end":{"line":15,"column":6}},"3":{"start":{"line":8,"column":8},"end":{"line":14,"column":9}},"4":{"start":{"line":9,"column":33},"end":{"line":9,"column":43}},"5":{"start":{"line":10,"column":30},"end":{"line":10,"column":67}},"6":{"start":{"line":11,"column":12},"end":{"line":11,"column":50}},"7":{"start":{"line":13,"column":12},"end":{"line":13,"column":47}},"8":{"start":{"line":17,"column":4},"end":{"line":24,"column":6}},"9":{"start":{"line":17,"column":65},"end":{"line":24,"column":6}},"10":{"start":{"line":18,"column":8},"end":{"line":23,"column":9}},"11":{"start":{"line":19,"column":40},"end":{"line":19,"column":62}},"12":{"start":{"line":20,"column":12},"end":{"line":20,"column":60}},"13":{"start":{"line":22,"column":12},"end":{"line":22,"column":47}},"14":{"start":{"line":26,"column":4},"end":{"line":35,"column":6}},"15":{"start":{"line":26,"column":62},"end":{"line":35,"column":6}},"16":{"start":{"line":27,"column":8},"end":{"line":34,"column":9}},"17":{"start":{"line":28,"column":38},"end":{"line":28,"column":46}},"18":{"start":{"line":30,"column":12},"end":{"line":30,"column":41}},"19":{"start":{"line":31,"column":12},"end":{"line":31,"column":77}},"20":{"start":{"line":33,"column":12},"end":{"line":33,"column":69}},"21":{"start":{"line":37,"column":4},"end":{"line":49,"column":6}},"22":{"start":{"line":37,"column":67},"end":{"line":49,"column":6}},"23":{"start":{"line":38,"column":8},"end":{"line":48,"column":9}},"24":{"start":{"line":39,"column":42},"end":{"line":39,"column":51}},"25":{"start":{"line":41,"column":34},"end":{"line":41,"column":66}},"26":{"start":{"line":42,"column":33},"end":{"line":42,"column":99}},"27":{"start":{"line":43,"column":30},"end":{"line":43,"column":65}},"28":{"start":{"line":44,"column":39},"end":{"line":44,"column":60}},"29":{"start":{"line":45,"column":12},"end":{"line":45,"column":62}},"30":{"start":{"line":47,"column":12},"end":{"line":47,"column":68}},"31":{"start":{"line":51,"column":4},"end":{"line":62,"column":6}},"32":{"start":{"line":51,"column":68},"end":{"line":62,"column":6}},"33":{"start":{"line":52,"column":8},"end":{"line":61,"column":9}},"34":{"start":{"line":53,"column":29},"end":{"line":53,"column":39}},"35":{"start":{"line":54,"column":31},"end":{"line":54,"column":61}},"36":{"start":{"line":55,"column":12},"end":{"line":57,"column":13}},"37":{"start":{"line":56,"column":16},"end":{"line":56,"column":61}},"38":{"start":{"line":58,"column":12},"end":{"line":58,"column":71}},"39":{"start":{"line":60,"column":12},"end":{"line":60,"column":68}},"40":{"start":{"line":64,"column":4},"end":{"line":76,"column":6}},"41":{"start":{"line":64,"column":66},"end":{"line":76,"column":6}},"42":{"start":{"line":65,"column":8},"end":{"line":75,"column":9}},"43":{"start":{"line":66,"column":27},"end":{"line":66,"column":37}},"44":{"start":{"line":68,"column":31},"end":{"line":68,"column":57}},"45":{"start":{"line":69,"column":12},"end":{"line":71,"column":13}},"46":{"start":{"line":70,"column":16},"end":{"line":70,"column":61}},"47":{"start":{"line":72,"column":12},"end":{"line":72,"column":71}},"48":{"start":{"line":74,"column":12},"end":{"line":74,"column":68}},"49":{"start":{"line":78,"column":4},"end":{"line":91,"column":6}},"50":{"start":{"line":78,"column":69},"end":{"line":91,"column":6}},"51":{"start":{"line":79,"column":32},"end":{"line":79,"column":45}},"52":{"start":{"line":80,"column":37},"end":{"line":80,"column":45}},"53":{"start":{"line":81,"column":8},"end":{"line":90,"column":9}},"54":{"start":{"line":82,"column":38},"end":{"line":82,"column":85}},"55":{"start":{"line":83,"column":12},"end":{"line":83,"column":57}},"56":{"start":{"line":85,"column":12},"end":{"line":85,"column":79}},"57":{"start":{"line":87,"column":12},"end":{"line":89,"column":15}},"58":{"start":{"line":93,"column":4},"end":{"line":105,"column":6}},"59":{"start":{"line":93,"column":69},"end":{"line":105,"column":6}},"60":{"start":{"line":94,"column":32},"end":{"line":94,"column":45}},"61":{"start":{"line":95,"column":8},"end":{"line":104,"column":9}},"62":{"start":{"line":96,"column":34},"end":{"line":96,"column":67}},"63":{"start":{"line":98,"column":12},"end":{"line":98,"column":54}},"64":{"start":{"line":100,"column":12},"end":{"line":103,"column":15}},"65":{"start":{"line":107,"column":4},"end":{"line":121,"column":6}},"66":{"start":{"line":107,"column":68},"end":{"line":121,"column":6}},"67":{"start":{"line":108,"column":8},"end":{"line":120,"column":9}},"68":{"start":{"line":109,"column":34},"end":{"line":109,"column":56}},"69":{"start":{"line":110,"column":49},"end":{"line":110,"column":63}},"70":{"start":{"line":111,"column":12},"end":{"line":113,"column":13}},"71":{"start":{"line":112,"column":16},"end":{"line":112,"column":77}},"72":{"start":{"line":114,"column":12},"end":{"line":114,"column":60}},"73":{"start":{"line":115,"column":12},"end":{"line":117,"column":15}},"74":{"start":{"line":119,"column":12},"end":{"line":119,"column":76}},"75":{"start":{"line":124,"column":0},"end":{"line":124,"column":32}}},"fnMap":{"0":{"name":"(anonymous_7)","decl":{"start":{"line":6,"column":0},"end":{"line":6,"column":6}},"loc":{"start":{"line":6,"column":0},"end":{"line":122,"column":1}}},"1":{"name":"(anonymous_8)","decl":{"start":{"line":7,"column":20},"end":{"line":7,"column":27}},"loc":{"start":{"line":7,"column":72},"end":{"line":15,"column":6}}},"2":{"name":"(anonymous_9)","decl":{"start":{"line":7,"column":72},"end":{"line":7,"column":null}},"loc":{"start":{"line":7,"column":72},"end":{"line":15,"column":5}}},"3":{"name":"(anonymous_10)","decl":{"start":{"line":17,"column":13},"end":{"line":17,"column":20}},"loc":{"start":{"line":17,"column":65},"end":{"line":24,"column":6}}},"4":{"name":"(anonymous_11)","decl":{"start":{"line":17,"column":65},"end":{"line":17,"column":null}},"loc":{"start":{"line":17,"column":65},"end":{"line":24,"column":5}}},"5":{"name":"(anonymous_12)","decl":{"start":{"line":26,"column":10},"end":{"line":26,"column":17}},"loc":{"start":{"line":26,"column":62},"end":{"line":35,"column":6}}},"6":{"name":"(anonymous_13)","decl":{"start":{"line":26,"column":62},"end":{"line":26,"column":null}},"loc":{"start":{"line":26,"column":62},"end":{"line":35,"column":5}}},"7":{"name":"(anonymous_14)","decl":{"start":{"line":37,"column":15},"end":{"line":37,"column":22}},"loc":{"start":{"line":37,"column":67},"end":{"line":49,"column":6}}},"8":{"name":"(anonymous_15)","decl":{"start":{"line":37,"column":67},"end":{"line":37,"column":null}},"loc":{"start":{"line":37,"column":67},"end":{"line":49,"column":5}}},"9":{"name":"(anonymous_16)","decl":{"start":{"line":51,"column":16},"end":{"line":51,"column":23}},"loc":{"start":{"line":51,"column":68},"end":{"line":62,"column":6}}},"10":{"name":"(anonymous_17)","decl":{"start":{"line":51,"column":68},"end":{"line":51,"column":null}},"loc":{"start":{"line":51,"column":68},"end":{"line":62,"column":5}}},"11":{"name":"(anonymous_18)","decl":{"start":{"line":64,"column":14},"end":{"line":64,"column":21}},"loc":{"start":{"line":64,"column":66},"end":{"line":76,"column":6}}},"12":{"name":"(anonymous_19)","decl":{"start":{"line":64,"column":66},"end":{"line":64,"column":null}},"loc":{"start":{"line":64,"column":66},"end":{"line":76,"column":5}}},"13":{"name":"(anonymous_20)","decl":{"start":{"line":78,"column":17},"end":{"line":78,"column":24}},"loc":{"start":{"line":78,"column":69},"end":{"line":91,"column":6}}},"14":{"name":"(anonymous_21)","decl":{"start":{"line":78,"column":69},"end":{"line":78,"column":null}},"loc":{"start":{"line":78,"column":69},"end":{"line":91,"column":5}}},"15":{"name":"(anonymous_22)","decl":{"start":{"line":93,"column":17},"end":{"line":93,"column":24}},"loc":{"start":{"line":93,"column":69},"end":{"line":105,"column":6}}},"16":{"name":"(anonymous_23)","decl":{"start":{"line":93,"column":69},"end":{"line":93,"column":null}},"loc":{"start":{"line":93,"column":69},"end":{"line":105,"column":5}}},"17":{"name":"(anonymous_24)","decl":{"start":{"line":107,"column":16},"end":{"line":107,"column":23}},"loc":{"start":{"line":107,"column":68},"end":{"line":121,"column":6}}},"18":{"name":"(anonymous_25)","decl":{"start":{"line":107,"column":68},"end":{"line":107,"column":null}},"loc":{"start":{"line":107,"column":68},"end":{"line":121,"column":5}}}},"branchMap":{"0":{"loc":{"start":{"line":55,"column":12},"end":{"line":57,"column":13}},"type":"if","locations":[{"start":{"line":55,"column":12},"end":{"line":57,"column":13}}]},"1":{"loc":{"start":{"line":69,"column":12},"end":{"line":71,"column":13}},"type":"if","locations":[{"start":{"line":69,"column":12},"end":{"line":71,"column":13}}]},"2":{"loc":{"start":{"line":109,"column":34},"end":{"line":109,"column":56}},"type":"cond-expr","locations":[{"start":{"line":109,"column":42},"end":{"line":109,"column":44}},{"start":{"line":109,"column":42},"end":{"line":109,"column":56}}]},"3":{"loc":{"start":{"line":109,"column":34},"end":{"line":109,"column":44}},"type":"binary-expr","locations":[{"start":{"line":109,"column":34},"end":{"line":109,"column":44}},{"start":{"line":109,"column":42},"end":{"line":109,"column":44}}]},"4":{"loc":{"start":{"line":110,"column":49},"end":{"line":110,"column":63}},"type":"cond-expr","locations":[{"start":{"line":110,"column":57},"end":{"line":110,"column":59}},{"start":{"line":110,"column":57},"end":{"line":110,"column":63}}]},"5":{"loc":{"start":{"line":110,"column":49},"end":{"line":110,"column":59}},"type":"binary-expr","locations":[{"start":{"line":110,"column":49},"end":{"line":110,"column":59}},{"start":{"line":110,"column":57},"end":{"line":110,"column":59}}]},"6":{"loc":{"start":{"line":111,"column":12},"end":{"line":113,"column":13}},"type":"if","locations":[{"start":{"line":111,"column":12},"end":{"line":113,"column":13}}]}},"s":{"0":3,"1":3,"2":2,"3":2,"4":2,"5":2,"6":1,"7":1,"8":3,"9":2,"10":2,"11":2,"12":1,"13":1,"14":3,"15":2,"16":2,"17":2,"18":2,"19":1,"20":1,"21":3,"22":2,"23":2,"24":2,"25":2,"26":2,"27":2,"28":1,"29":1,"30":1,"31":3,"32":5,"33":5,"34":5,"35":5,"36":3,"37":1,"38":2,"39":2,"40":3,"41":1,"42":1,"43":1,"44":1,"45":1,"46":1,"47":0,"48":0,"49":3,"50":2,"51":2,"52":2,"53":2,"54":2,"55":1,"56":1,"57":1,"58":3,"59":2,"60":2,"61":2,"62":2,"63":1,"64":1,"65":3,"66":1,"67":1,"68":1,"69":1,"70":1,"71":0,"72":1,"73":1,"74":0,"75":3},"f":{"0":3,"1":2,"2":2,"3":2,"4":2,"5":2,"6":2,"7":2,"8":2,"9":5,"10":5,"11":1,"12":1,"13":2,"14":2,"15":2,"16":2,"17":1,"18":1},"b":{"0":[1],"1":[1],"2":[0,1],"3":[1,1],"4":[0,1],"5":[1,1],"6":[0]}}
,"/home/munendra.kushwaha/WORKSPACE/backend-training/src/modules/events/index.ts": {"path":"/home/munendra.kushwaha/WORKSPACE/backend-training/src/modules/events/index.ts","statementMap":{"0":{"start":{"line":1,"column":0},"end":{"line":1,"column":7}},"1":{"start":{"line":5,"column":9},"end":{"line":1,"column":38}},"2":{"start":{"line":2,"column":0},"end":{"line":2,"column":7}},"3":{"start":{"line":5,"column":21},"end":{"line":2,"column":29}},"4":{"start":{"line":3,"column":0},"end":{"line":3,"column":7}},"5":{"start":{"line":5,"column":29},"end":{"line":3,"column":32}}},"fnMap":{},"branchMap":{},"s":{"0":3,"1":3,"2":3,"3":3,"4":3,"5":3},"f":{},"b":{}}
,"/home/munendra.kushwaha/WORKSPACE/backend-training/src/modules/events/joiSchema.ts": {"path":"/home/munendra.kushwaha/WORKSPACE/backend-training/src/modules/events/joiSchema.ts","statementMap":{"0":{"start":{"line":1,"column":0},"end":{"line":1,"column":22}},"1":{"start":{"line":4,"column":11},"end":{"line":20,"column":7}},"2":{"start":{"line":4,"column":53},"end":{"line":20,"column":6}},"3":{"start":{"line":22,"column":0},"end":{"line":22,"column":25}}},"fnMap":{"0":{"name":"(anonymous_1)","decl":{"start":{"line":4,"column":24},"end":{"line":4,"column":50}},"loc":{"start":{"line":4,"column":53},"end":{"line":20,"column":6}}}},"branchMap":{},"s":{"0":3,"1":3,"2":0,"3":3},"f":{"0":0},"b":{}}
,"/home/munendra.kushwaha/WORKSPACE/backend-training/src/modules/events/route.ts": {"path":"/home/munendra.kushwaha/WORKSPACE/backend-training/src/modules/events/route.ts","statementMap":{"0":{"start":{"line":1,"column":0},"end":{"line":1,"column":33}},"1":{"start":{"line":2,"column":0},"end":{"line":2,"column":45}},"2":{"start":{"line":3,"column":0},"end":{"line":3,"column":31}},"3":{"start":{"line":5,"column":23},"end":{"line":5,"column":51}},"4":{"start":{"line":6,"column":23},"end":{"line":6,"column":31}},"5":{"start":{"line":8,"column":0},"end":{"line":8,"column":45}},"6":{"start":{"line":10,"column":0},"end":{"line":10,"column":46}},"7":{"start":{"line":12,"column":0},"end":{"line":12,"column":47}},"8":{"start":{"line":39,"column":0},"end":{"line":39,"column":54}},"9":{"start":{"line":66,"column":0},"end":{"line":66,"column":53}},"10":{"start":{"line":145,"column":0},"end":{"line":145,"column":59}},"11":{"start":{"line":172,"column":0},"end":{"line":172,"column":62}},"12":{"start":{"line":201,"column":0},"end":{"line":201,"column":71}},"13":{"start":{"line":202,"column":0},"end":{"line":202,"column":77}},"14":{"start":{"line":204,"column":0},"end":{"line":204,"column":22}}},"fnMap":{},"branchMap":{},"s":{"0":3,"1":3,"2":3,"3":3,"4":3,"5":3,"6":3,"7":3,"8":3,"9":3,"10":3,"11":3,"12":3,"13":3,"14":3},"f":{},"b":{}}
,"/home/munendra.kushwaha/WORKSPACE/backend-training/src/modules/events/service.ts": {"path":"/home/munendra.kushwaha/WORKSPACE/backend-training/src/modules/events/service.ts","statementMap":{"0":{"start":{"line":1,"column":0},"end":{"line":1,"column":20}},"1":{"start":{"line":2,"column":0},"end":{"line":2,"column":35}},"2":{"start":{"line":4,"column":0},"end":{"line":4,"column":42}},"3":{"start":{"line":5,"column":0},"end":{"line":5,"column":47}},"4":{"start":{"line":6,"column":0},"end":{"line":6,"column":36}},"5":{"start":{"line":7,"column":0},"end":{"line":7,"column":57}},"6":{"start":{"line":10,"column":2},"end":{"line":12,"column":4}},"7":{"start":{"line":10,"column":59},"end":{"line":12,"column":4}},"8":{"start":{"line":11,"column":4},"end":{"line":11,"column":52}},"9":{"start":{"line":14,"column":2},"end":{"line":16,"column":4}},"10":{"start":{"line":14,"column":36},"end":{"line":16,"column":4}},"11":{"start":{"line":15,"column":4},"end":{"line":15,"column":37}},"12":{"start":{"line":19,"column":4},"end":{"line":19,"column":46}},"13":{"start":{"line":23,"column":4},"end":{"line":23,"column":50}},"14":{"start":{"line":27,"column":37},"end":{"line":27,"column":45}},"15":{"start":{"line":28,"column":4},"end":{"line":28,"column":48}},"16":{"start":{"line":32,"column":4},"end":{"line":32,"column":43}},"17":{"start":{"line":36,"column":36},"end":{"line":36,"column":43}},"18":{"start":{"line":37,"column":4},"end":{"line":37,"column":48}},"19":{"start":{"line":41,"column":4},"end":{"line":41,"column":62}},"20":{"start":{"line":45,"column":4},"end":{"line":45,"column":48}},"21":{"start":{"line":52,"column":35},"end":{"line":52,"column":43}},"22":{"start":{"line":54,"column":32},"end":{"line":54,"column":34}},"23":{"start":{"line":55,"column":29},"end":{"line":55,"column":31}},"24":{"start":{"line":56,"column":31},"end":{"line":56,"column":33}},"25":{"start":{"line":57,"column":30},"end":{"line":57,"column":57}},"26":{"start":{"line":58,"column":21},"end":{"line":58,"column":52}},"27":{"start":{"line":60,"column":4},"end":{"line":122,"column":9}},"28":{"start":{"line":65,"column":8},"end":{"line":81,"column":11}},"29":{"start":{"line":83,"column":28},"end":{"line":122,"column":8}},"30":{"start":{"line":84,"column":8},"end":{"line":121,"column":9}},"31":{"start":{"line":85,"column":10},"end":{"line":98,"column":13}},"32":{"start":{"line":86,"column":30},"end":{"line":88,"column":14}},"33":{"start":{"line":89,"column":12},"end":{"line":97,"column":13}},"34":{"start":{"line":90,"column":14},"end":{"line":90,"column":35}},"35":{"start":{"line":92,"column":14},"end":{"line":96,"column":17}},"36":{"start":{"line":95,"column":60},"end":{"line":95,"column":73}},"37":{"start":{"line":99,"column":30},"end":{"line":99,"column":67}},"38":{"start":{"line":102,"column":10},"end":{"line":102,"column":34}},"39":{"start":{"line":104,"column":10},"end":{"line":104,"column":55}},"40":{"start":{"line":106,"column":34},"end":{"line":106,"column":61}},"41":{"start":{"line":109,"column":10},"end":{"line":117,"column":13}},"42":{"start":{"line":120,"column":10},"end":{"line":120,"column":56}},"43":{"start":{"line":125,"column":0},"end":{"line":125,"column":29}}},"fnMap":{"0":{"name":"(anonymous_8)","decl":{"start":{"line":9,"column":0},"end":{"line":9,"column":6}},"loc":{"start":{"line":9,"column":0},"end":{"line":124,"column":1}}},"1":{"name":"(anonymous_9)","decl":{"start":{"line":10,"column":18},"end":{"line":10,"column":25}},"loc":{"start":{"line":10,"column":59},"end":{"line":12,"column":4}}},"2":{"name":"(anonymous_10)","decl":{"start":{"line":10,"column":59},"end":{"line":10,"column":null}},"loc":{"start":{"line":10,"column":59},"end":{"line":12,"column":3}}},"3":{"name":"(anonymous_11)","decl":{"start":{"line":14,"column":11},"end":{"line":14,"column":34}},"loc":{"start":{"line":14,"column":36},"end":{"line":16,"column":4}}},"4":{"name":"(anonymous_12)","decl":{"start":{"line":14,"column":36},"end":{"line":14,"column":null}},"loc":{"start":{"line":14,"column":36},"end":{"line":16,"column":3}}},"5":{"name":"(anonymous_13)","decl":{"start":{"line":18,"column":8},"end":{"line":18,"column":11}},"loc":{"start":{"line":18,"column":29},"end":{"line":20,"column":null}}},"6":{"name":"(anonymous_15)","decl":{"start":{"line":22,"column":8},"end":{"line":22,"column":16}},"loc":{"start":{"line":22,"column":44},"end":{"line":24,"column":null}}},"7":{"name":"(anonymous_17)","decl":{"start":{"line":26,"column":8},"end":{"line":26,"column":18}},"loc":{"start":{"line":26,"column":31},"end":{"line":29,"column":null}}},"8":{"name":"(anonymous_19)","decl":{"start":{"line":31,"column":8},"end":{"line":31,"column":13}},"loc":{"start":{"line":31,"column":13},"end":{"line":33,"column":null}}},"9":{"name":"(anonymous_21)","decl":{"start":{"line":35,"column":8},"end":{"line":35,"column":16}},"loc":{"start":{"line":35,"column":28},"end":{"line":38,"column":null}}},"10":{"name":"(anonymous_23)","decl":{"start":{"line":40,"column":8},"end":{"line":40,"column":18}},"loc":{"start":{"line":40,"column":56},"end":{"line":42,"column":null}}},"11":{"name":"(anonymous_25)","decl":{"start":{"line":44,"column":8},"end":{"line":44,"column":18}},"loc":{"start":{"line":44,"column":34},"end":{"line":46,"column":null}}},"12":{"name":"(anonymous_27)","decl":{"start":{"line":48,"column":8},"end":{"line":48,"column":17}},"loc":{"start":{"line":51,"column":3},"end":{"line":123,"column":null}}},"13":{"name":"(anonymous_29)","decl":{"start":{"line":62,"column":18},"end":{"line":62,"column":19}},"loc":{"start":{"line":62,"column":26},"end":{"line":82,"column":7}}},"14":{"name":"(anonymous_30)","decl":{"start":{"line":83,"column":17},"end":{"line":83,"column":26}},"loc":{"start":{"line":83,"column":28},"end":{"line":122,"column":8}}},"15":{"name":"(anonymous_31)","decl":{"start":{"line":83,"column":28},"end":{"line":83,"column":null}},"loc":{"start":{"line":83,"column":28},"end":{"line":122,"column":7}}},"16":{"name":"(anonymous_32)","decl":{"start":{"line":85,"column":31},"end":{"line":85,"column":32}},"loc":{"start":{"line":85,"column":47},"end":{"line":98,"column":11}}},"17":{"name":"(anonymous_33)","decl":{"start":{"line":95,"column":49},"end":{"line":95,"column":50}},"loc":{"start":{"line":95,"column":60},"end":{"line":95,"column":73}}}},"branchMap":{"0":{"loc":{"start":{"line":89,"column":12},"end":{"line":97,"column":13}},"type":"if","locations":[{"start":{"line":89,"column":12},"end":{"line":97,"column":13}},{"start":{"line":91,"column":19},"end":{"line":97,"column":13}}]},"1":{"loc":{"start":{"line":95,"column":30},"end":{"line":95,"column":74}},"type":"cond-expr","locations":[{"start":{"line":95,"column":35},"end":{"line":95,"column":37}},{"start":{"line":95,"column":30},"end":{"line":95,"column":74}}]},"2":{"loc":{"start":{"line":95,"column":30},"end":{"line":95,"column":37}},"type":"binary-expr","locations":[{"start":{"line":95,"column":30},"end":{"line":95,"column":37}},{"start":{"line":95,"column":30},"end":{"line":95,"column":37}}]}},"s":{"0":3,"1":3,"2":3,"3":3,"4":3,"5":3,"6":3,"7":2,"8":2,"9":3,"10":2,"11":2,"12":2,"13":2,"14":5,"15":5,"16":1,"17":1,"18":1,"19":2,"20":2,"21":1,"22":1,"23":1,"24":1,"25":1,"26":1,"27":1,"28":2,"29":0,"30":0,"31":0,"32":0,"33":0,"34":0,"35":0,"36":0,"37":0,"38":0,"39":0,"40":0,"41":0,"42":0,"43":3},"f":{"0":3,"1":2,"2":2,"3":2,"4":2,"5":2,"6":2,"7":5,"8":1,"9":1,"10":2,"11":2,"12":1,"13":2,"14":0,"15":0,"16":0,"17":0},"b":{"0":[0,0],"1":[0,0],"2":[0,0]}}
,"/home/munendra.kushwaha/WORKSPACE/backend-training/src/modules/events/repository/index.ts": {"path":"/home/munendra.kushwaha/WORKSPACE/backend-training/src/modules/events/repository/index.ts","statementMap":{"0":{"start":{"line":1,"column":0},"end":{"line":1,"column":7}},"1":{"start":{"line":5,"column":9},"end":{"line":1,"column":33}},"2":{"start":{"line":2,"column":0},"end":{"line":2,"column":7}},"3":{"start":{"line":5,"column":21},"end":{"line":2,"column":35}},"4":{"start":{"line":3,"column":0},"end":{"line":3,"column":7}},"5":{"start":{"line":5,"column":34},"end":{"line":3,"column":38}}},"fnMap":{},"branchMap":{},"s":{"0":3,"1":3,"2":3,"3":3,"4":3,"5":3},"f":{},"b":{}}
,"/home/munendra.kushwaha/WORKSPACE/backend-training/src/modules/events/repository/model.ts": {"path":"/home/munendra.kushwaha/WORKSPACE/backend-training/src/modules/events/repository/model.ts","statementMap":{"0":{"start":{"line":1,"column":0},"end":{"line":1,"column":48}},"1":{"start":{"line":3,"column":0},"end":{"line":3,"column":35}},"2":{"start":{"line":5,"column":34},"end":{"line":5,"column":79}},"3":{"start":{"line":7,"column":0},"end":{"line":7,"column":26}}},"fnMap":{},"branchMap":{},"s":{"0":3,"1":3,"2":3,"3":3},"f":{},"b":{}}
,"/home/munendra.kushwaha/WORKSPACE/backend-training/src/modules/events/repository/repository.ts": {"path":"/home/munendra.kushwaha/WORKSPACE/backend-training/src/modules/events/repository/repository.ts","statementMap":{"0":{"start":{"line":3,"column":0},"end":{"line":3,"column":33}},"1":{"start":{"line":4,"column":0},"end":{"line":4,"column":62}},"2":{"start":{"line":5,"column":0},"end":{"line":5,"column":48}},"3":{"start":{"line":6,"column":0},"end":{"line":6,"column":58}},"4":{"start":{"line":12,"column":8},"end":{"line":12,"column":26}},"5":{"start":{"line":13,"column":8},"end":{"line":13,"column":37}},"6":{"start":{"line":17,"column":8},"end":{"line":17,"column":55}},"7":{"start":{"line":21,"column":8},"end":{"line":21,"column":38}},"8":{"start":{"line":25,"column":8},"end":{"line":25,"column":68}},"9":{"start":{"line":29,"column":8},"end":{"line":31,"column":11}},"10":{"start":{"line":35,"column":8},"end":{"line":35,"column":65}},"11":{"start":{"line":39,"column":8},"end":{"line":39,"column":74}},"12":{"start":{"line":43,"column":0},"end":{"line":43,"column":32}}},"fnMap":{"0":{"name":"(anonymous_8)","decl":{"start":{"line":11,"column":4},"end":{"line":11,"column":null}},"loc":{"start":{"line":11,"column":4},"end":{"line":14,"column":5}}},"1":{"name":"(anonymous_9)","decl":{"start":{"line":16,"column":10},"end":{"line":16,"column":23}},"loc":{"start":{"line":16,"column":40},"end":{"line":18,"column":null}}},"2":{"name":"(anonymous_11)","decl":{"start":{"line":20,"column":10},"end":{"line":20,"column":16}},"loc":{"start":{"line":20,"column":16},"end":{"line":22,"column":null}}},"3":{"name":"(anonymous_13)","decl":{"start":{"line":24,"column":10},"end":{"line":24,"column":18}},"loc":{"start":{"line":24,"column":46},"end":{"line":26,"column":null}}},"4":{"name":"(anonymous_15)","decl":{"start":{"line":28,"column":10},"end":{"line":28,"column":20}},"loc":{"start":{"line":28,"column":58},"end":{"line":32,"column":null}}},"5":{"name":"(anonymous_17)","decl":{"start":{"line":34,"column":10},"end":{"line":34,"column":20}},"loc":{"start":{"line":34,"column":36},"end":{"line":36,"column":null}}},"6":{"name":"(anonymous_19)","decl":{"start":{"line":38,"column":10},"end":{"line":38,"column":19}},"loc":{"start":{"line":38,"column":29},"end":{"line":40,"column":null}}}},"branchMap":{},"s":{"0":3,"1":3,"2":3,"3":3,"4":3,"5":3,"6":2,"7":2,"8":2,"9":2,"10":2,"11":0,"12":3},"f":{"0":3,"1":2,"2":2,"3":2,"4":2,"5":2,"6":0},"b":{}}
,"/home/munendra.kushwaha/WORKSPACE/backend-training/src/modules/events/repository/schema.ts": {"path":"/home/munendra.kushwaha/WORKSPACE/backend-training/src/modules/events/repository/schema.ts","statementMap":{"0":{"start":{"line":1,"column":0},"end":{"line":1,"column":34}},"1":{"start":{"line":4,"column":30},"end":{"line":10,"column":2}},"2":{"start":{"line":12,"column":28},"end":{"line":24,"column":null}},"3":{"start":{"line":27,"column":0},"end":{"line":27,"column":27}}},"fnMap":{},"branchMap":{},"s":{"0":3,"1":3,"2":3,"3":3},"f":{},"b":{}}
,"/home/munendra.kushwaha/WORKSPACE/backend-training/src/modules/events/repositoryBulk/model.ts": {"path":"/home/munendra.kushwaha/WORKSPACE/backend-training/src/modules/events/repositoryBulk/model.ts","statementMap":{"0":{"start":{"line":1,"column":0},"end":{"line":1,"column":48}},"1":{"start":{"line":2,"column":0},"end":{"line":2,"column":34}},"2":{"start":{"line":5,"column":36},"end":{"line":7,"column":null}},"3":{"start":{"line":9,"column":0},"end":{"line":9,"column":25}}},"fnMap":{},"branchMap":{},"s":{"0":3,"1":3,"2":3,"3":3},"f":{},"b":{}}
,"/home/munendra.kushwaha/WORKSPACE/backend-training/src/modules/events/repositoryBulk/modelError.ts": {"path":"/home/munendra.kushwaha/WORKSPACE/backend-training/src/modules/events/repositoryBulk/modelError.ts","statementMap":{"0":{"start":{"line":1,"column":0},"end":{"line":1,"column":48}},"1":{"start":{"line":2,"column":0},"end":{"line":2,"column":44}},"2":{"start":{"line":5,"column":42},"end":{"line":7,"column":null}},"3":{"start":{"line":10,"column":0},"end":{"line":10,"column":30}}},"fnMap":{},"branchMap":{},"s":{"0":3,"1":3,"2":3,"3":3},"f":{},"b":{}}
,"/home/munendra.kushwaha/WORKSPACE/backend-training/src/modules/events/repositoryBulk/schema.ts": {"path":"/home/munendra.kushwaha/WORKSPACE/backend-training/src/modules/events/repositoryBulk/schema.ts","statementMap":{"0":{"start":{"line":1,"column":0},"end":{"line":1,"column":34}},"1":{"start":{"line":4,"column":27},"end":{"line":16,"column":null}},"2":{"start":{"line":19,"column":0},"end":{"line":19,"column":26}}},"fnMap":{},"branchMap":{},"s":{"0":3,"1":3,"2":3},"f":{},"b":{}}
,"/home/munendra.kushwaha/WORKSPACE/backend-training/src/modules/events/repositoryBulk/schemaError.ts": {"path":"/home/munendra.kushwaha/WORKSPACE/backend-training/src/modules/events/repositoryBulk/schemaError.ts","statementMap":{"0":{"start":{"line":1,"column":0},"end":{"line":1,"column":34}},"1":{"start":{"line":4,"column":32},"end":{"line":8,"column":2}},"2":{"start":{"line":10,"column":0},"end":{"line":10,"column":31}}},"fnMap":{},"branchMap":{},"s":{"0":3,"1":3,"2":3},"f":{},"b":{}}
,"/home/munendra.kushwaha/WORKSPACE/backend-training/src/modules/users/controller.ts": {"path":"/home/munendra.kushwaha/WORKSPACE/backend-training/src/modules/users/controller.ts","statementMap":{"0":{"start":{"line":2,"column":0},"end":{"line":2,"column":28}},"1":{"start":{"line":6,"column":9},"end":{"line":6,"column":17}},"2":{"start":{"line":6,"column":69},"end":{"line":20,"column":4}},"3":{"start":{"line":7,"column":4},"end":{"line":19,"column":5}},"4":{"start":{"line":8,"column":32},"end":{"line":8,"column":40}},"5":{"start":{"line":9,"column":35},"end":{"line":9,"column":65}},"6":{"start":{"line":10,"column":6},"end":{"line":15,"column":7}},"7":{"start":{"line":11,"column":30},"end":{"line":11,"column":62}},"8":{"start":{"line":12,"column":8},"end":{"line":14,"column":65}},"9":{"start":{"line":16,"column":6},"end":{"line":16,"column":70}},"10":{"start":{"line":18,"column":6},"end":{"line":18,"column":70}},"11":{"start":{"line":22,"column":9},"end":{"line":22,"column":20}},"12":{"start":{"line":22,"column":72},"end":{"line":32,"column":4}},"13":{"start":{"line":23,"column":4},"end":{"line":31,"column":5}},"14":{"start":{"line":24,"column":34},"end":{"line":24,"column":42}},"15":{"start":{"line":25,"column":28},"end":{"line":25,"column":64}},"16":{"start":{"line":26,"column":6},"end":{"line":27,"column":71}},"17":{"start":{"line":27,"column":8},"end":{"line":27,"column":71}},"18":{"start":{"line":28,"column":6},"end":{"line":28,"column":74}},"19":{"start":{"line":30,"column":6},"end":{"line":30,"column":62}},"20":{"start":{"line":5,"column":21},"end":{"line":5,"column":null}}},"fnMap":{"0":{"name":"(anonymous_7)","decl":{"start":{"line":6,"column":17},"end":{"line":6,"column":24}},"loc":{"start":{"line":6,"column":69},"end":{"line":20,"column":4}}},"1":{"name":"(anonymous_8)","decl":{"start":{"line":6,"column":69},"end":{"line":6,"column":null}},"loc":{"start":{"line":6,"column":69},"end":{"line":20,"column":3}}},"2":{"name":"(anonymous_9)","decl":{"start":{"line":22,"column":20},"end":{"line":22,"column":27}},"loc":{"start":{"line":22,"column":72},"end":{"line":32,"column":4}}},"3":{"name":"(anonymous_10)","decl":{"start":{"line":22,"column":72},"end":{"line":22,"column":null}},"loc":{"start":{"line":22,"column":72},"end":{"line":32,"column":3}}}},"branchMap":{"0":{"loc":{"start":{"line":10,"column":6},"end":{"line":15,"column":7}},"type":"if","locations":[{"start":{"line":10,"column":6},"end":{"line":15,"column":7}}]},"1":{"loc":{"start":{"line":26,"column":6},"end":{"line":27,"column":71}},"type":"if","locations":[{"start":{"line":26,"column":6},"end":{"line":27,"column":71}}]}},"s":{"0":3,"1":3,"2":6,"3":6,"4":6,"5":6,"6":3,"7":3,"8":3,"9":0,"10":3,"11":3,"12":12,"13":12,"14":12,"15":12,"16":6,"17":3,"18":3,"19":6,"20":3},"f":{"0":6,"1":6,"2":12,"3":12},"b":{"0":[3],"1":[3]}}
,"/home/munendra.kushwaha/WORKSPACE/backend-training/src/modules/users/index.ts": {"path":"/home/munendra.kushwaha/WORKSPACE/backend-training/src/modules/users/index.ts","statementMap":{"0":{"start":{"line":1,"column":0},"end":{"line":1,"column":7}},"1":{"start":{"line":5,"column":9},"end":{"line":1,"column":29}},"2":{"start":{"line":2,"column":0},"end":{"line":2,"column":7}},"3":{"start":{"line":5,"column":17},"end":{"line":2,"column":38}},"4":{"start":{"line":3,"column":0},"end":{"line":3,"column":7}},"5":{"start":{"line":5,"column":29},"end":{"line":3,"column":32}}},"fnMap":{},"branchMap":{},"s":{"0":3,"1":3,"2":3,"3":3,"4":3,"5":3},"f":{},"b":{}}
,"/home/munendra.kushwaha/WORKSPACE/backend-training/src/modules/users/route.ts": {"path":"/home/munendra.kushwaha/WORKSPACE/backend-training/src/modules/users/route.ts","statementMap":{"0":{"start":{"line":1,"column":0},"end":{"line":1,"column":33}},"1":{"start":{"line":2,"column":0},"end":{"line":2,"column":46}},"2":{"start":{"line":3,"column":0},"end":{"line":3,"column":58}},"3":{"start":{"line":5,"column":23},"end":{"line":5,"column":31}},"4":{"start":{"line":33,"column":0},"end":{"line":35,"column":65}},"5":{"start":{"line":74,"column":0},"end":{"line":76,"column":60}},"6":{"start":{"line":78,"column":0},"end":{"line":78,"column":22}}},"fnMap":{},"branchMap":{},"s":{"0":3,"1":3,"2":3,"3":3,"4":3,"5":3,"6":3},"f":{},"b":{}}
,"/home/munendra.kushwaha/WORKSPACE/backend-training/src/modules/users/service.ts": {"path":"/home/munendra.kushwaha/WORKSPACE/backend-training/src/modules/users/service.ts","statementMap":{"0":{"start":{"line":1,"column":0},"end":{"line":1,"column":31}},"1":{"start":{"line":2,"column":0},"end":{"line":2,"column":28}},"2":{"start":{"line":3,"column":0},"end":{"line":3,"column":42}},"3":{"start":{"line":5,"column":0},"end":{"line":5,"column":40}},"4":{"start":{"line":7,"column":19},"end":{"line":7,"column":54}},"5":{"start":{"line":10,"column":26},"end":{"line":12,"column":6}},"6":{"start":{"line":13,"column":4},"end":{"line":13,"column":17}},"7":{"start":{"line":17,"column":32},"end":{"line":17,"column":41}},"8":{"start":{"line":18,"column":38},"end":{"line":18,"column":47}},"9":{"start":{"line":19,"column":22},"end":{"line":19,"column":58}},"10":{"start":{"line":21,"column":4},"end":{"line":24,"column":5}},"11":{"start":{"line":22,"column":21},"end":{"line":22,"column":69}},"12":{"start":{"line":23,"column":6},"end":{"line":23,"column":20}},"13":{"start":{"line":25,"column":4},"end":{"line":25,"column":17}},"14":{"start":{"line":29,"column":4},"end":{"line":29,"column":46}},"15":{"start":{"line":32,"column":0},"end":{"line":32,"column":29}}},"fnMap":{"0":{"name":"(anonymous_8)","decl":{"start":{"line":6,"column":0},"end":{"line":6,"column":6}},"loc":{"start":{"line":6,"column":0},"end":{"line":31,"column":1}}},"1":{"name":"(anonymous_9)","decl":{"start":{"line":9,"column":2},"end":{"line":9,"column":15}},"loc":{"start":{"line":9,"column":33},"end":{"line":14,"column":3}}},"2":{"name":"(anonymous_10)","decl":{"start":{"line":16,"column":8},"end":{"line":16,"column":13}},"loc":{"start":{"line":16,"column":31},"end":{"line":26,"column":null}}},"3":{"name":"(anonymous_12)","decl":{"start":{"line":28,"column":8},"end":{"line":28,"column":16}},"loc":{"start":{"line":28,"column":31},"end":{"line":30,"column":null}}}},"branchMap":{"0":{"loc":{"start":{"line":21,"column":4},"end":{"line":24,"column":5}},"type":"if","locations":[{"start":{"line":21,"column":4},"end":{"line":24,"column":5}}]}},"s":{"0":3,"1":3,"2":3,"3":3,"4":3,"5":3,"6":3,"7":6,"8":6,"9":6,"10":3,"11":3,"12":3,"13":0,"14":12,"15":3},"f":{"0":3,"1":3,"2":6,"3":12},"b":{"0":[3]}}
,"/home/munendra.kushwaha/WORKSPACE/backend-training/src/modules/users/middleware/authenticate.ts": {"path":"/home/munendra.kushwaha/WORKSPACE/backend-training/src/modules/users/middleware/authenticate.ts","statementMap":{"0":{"start":{"line":2,"column":0},"end":{"line":2,"column":31}},"1":{"start":{"line":3,"column":0},"end":{"line":3,"column":43}},"2":{"start":{"line":7,"column":19},"end":{"line":7,"column":54}},"3":{"start":{"line":9,"column":9},"end":{"line":34,"column":4}},"4":{"start":{"line":14,"column":23},"end":{"line":14,"column":50}},"5":{"start":{"line":16,"column":4},"end":{"line":19,"column":5}},"6":{"start":{"line":17,"column":6},"end":{"line":17,"column":13}},"7":{"start":{"line":18,"column":6},"end":{"line":18,"column":13}},"8":{"start":{"line":20,"column":4},"end":{"line":33,"column":5}},"9":{"start":{"line":21,"column":47},"end":{"line":23,"column":null}},"10":{"start":{"line":25,"column":6},"end":{"line":29,"column":9}},"11":{"start":{"line":32,"column":6},"end":{"line":32,"column":54}},"12":{"start":{"line":37,"column":0},"end":{"line":37,"column":36}}},"fnMap":{"0":{"name":"(anonymous_1)","decl":{"start":{"line":5,"column":0},"end":{"line":5,"column":6}},"loc":{"start":{"line":5,"column":0},"end":{"line":35,"column":1}}},"1":{"name":"(anonymous_2)","decl":{"start":{"line":9,"column":24},"end":{"line":9,"column":null}},"loc":{"start":{"line":13,"column":54},"end":{"line":34,"column":3}}}},"branchMap":{"0":{"loc":{"start":{"line":16,"column":4},"end":{"line":19,"column":5}},"type":"if","locations":[{"start":{"line":16,"column":4},"end":{"line":19,"column":5}}]}},"s":{"0":3,"1":3,"2":3,"3":3,"4":12,"5":12,"6":6,"7":6,"8":6,"9":6,"10":3,"11":3,"12":3},"f":{"0":3,"1":12},"b":{"0":[6]}}
,"/home/munendra.kushwaha/WORKSPACE/backend-training/src/modules/users/middleware/index.ts": {"path":"/home/munendra.kushwaha/WORKSPACE/backend-training/src/modules/users/middleware/index.ts","statementMap":{"0":{"start":{"line":1,"column":0},"end":{"line":1,"column":7}},"1":{"start":{"line":4,"column":9},"end":{"line":1,"column":44}},"2":{"start":{"line":2,"column":0},"end":{"line":2,"column":7}},"3":{"start":{"line":4,"column":25},"end":{"line":2,"column":36}}},"fnMap":{},"branchMap":{},"s":{"0":3,"1":3,"2":3,"3":3},"f":{},"b":{}}
,"/home/munendra.kushwaha/WORKSPACE/backend-training/src/modules/users/middleware/validate.ts": {"path":"/home/munendra.kushwaha/WORKSPACE/backend-training/src/modules/users/middleware/validate.ts","statementMap":{"0":{"start":{"line":2,"column":0},"end":{"line":2,"column":44}},"1":{"start":{"line":5,"column":9},"end":{"line":15,"column":4}},"2":{"start":{"line":6,"column":4},"end":{"line":12,"column":5}},"3":{"start":{"line":7,"column":6},"end":{"line":9,"column":9}},"4":{"start":{"line":11,"column":6},"end":{"line":11,"column":67}},"5":{"start":{"line":13,"column":4},"end":{"line":13,"column":11}},"6":{"start":{"line":14,"column":4},"end":{"line":14,"column":21}},"7":{"start":{"line":18,"column":0},"end":{"line":18,"column":26}}},"fnMap":{"0":{"name":"(anonymous_1)","decl":{"start":{"line":5,"column":20},"end":{"line":5,"column":21}},"loc":{"start":{"line":5,"column":77},"end":{"line":15,"column":3}}}},"branchMap":{},"s":{"0":3,"1":3,"2":12,"3":12,"4":0,"5":12,"6":12,"7":3},"f":{"0":12},"b":{}}
,"/home/munendra.kushwaha/WORKSPACE/backend-training/src/modules/users/repository/index.ts": {"path":"/home/munendra.kushwaha/WORKSPACE/backend-training/src/modules/users/repository/index.ts","statementMap":{"0":{"start":{"line":1,"column":0},"end":{"line":1,"column":7}},"1":{"start":{"line":5,"column":9},"end":{"line":1,"column":32}},"2":{"start":{"line":2,"column":0},"end":{"line":2,"column":7}},"3":{"start":{"line":5,"column":20},"end":{"line":2,"column":34}},"4":{"start":{"line":3,"column":0},"end":{"line":3,"column":7}},"5":{"start":{"line":5,"column":32},"end":{"line":3,"column":38}}},"fnMap":{},"branchMap":{},"s":{"0":3,"1":3,"2":3,"3":3,"4":3,"5":3},"f":{},"b":{}}
,"/home/munendra.kushwaha/WORKSPACE/backend-training/src/modules/users/repository/model.ts": {"path":"/home/munendra.kushwaha/WORKSPACE/backend-training/src/modules/users/repository/model.ts","statementMap":{"0":{"start":{"line":1,"column":0},"end":{"line":1,"column":48}},"1":{"start":{"line":2,"column":0},"end":{"line":2,"column":34}},"2":{"start":{"line":5,"column":32},"end":{"line":5,"column":74}},"3":{"start":{"line":6,"column":0},"end":{"line":6,"column":25}}},"fnMap":{},"branchMap":{},"s":{"0":3,"1":3,"2":3,"3":3},"f":{},"b":{}}
,"/home/munendra.kushwaha/WORKSPACE/backend-training/src/modules/users/repository/repository.ts": {"path":"/home/munendra.kushwaha/WORKSPACE/backend-training/src/modules/users/repository/repository.ts","statementMap":{"0":{"start":{"line":2,"column":0},"end":{"line":2,"column":28}},"1":{"start":{"line":3,"column":0},"end":{"line":3,"column":30}},"2":{"start":{"line":5,"column":0},"end":{"line":5,"column":52}},"3":{"start":{"line":11,"column":8},"end":{"line":11,"column":25}},"4":{"start":{"line":12,"column":8},"end":{"line":12,"column":35}},"5":{"start":{"line":16,"column":40},"end":{"line":18,"column":10}},"6":{"start":{"line":19,"column":8},"end":{"line":26,"column":9}},"7":{"start":{"line":20,"column":41},"end":{"line":20,"column":80}},"8":{"start":{"line":21,"column":25},"end":{"line":23,"column":null}},"9":{"start":{"line":25,"column":12},"end":{"line":25,"column":56}},"10":{"start":{"line":27,"column":8},"end":{"line":27,"column":49}},"11":{"start":{"line":30,"column":0},"end":{"line":30,"column":32}}},"fnMap":{"0":{"name":"(anonymous_8)","decl":{"start":{"line":10,"column":4},"end":{"line":10,"column":null}},"loc":{"start":{"line":10,"column":4},"end":{"line":13,"column":5}}},"1":{"name":"(anonymous_9)","decl":{"start":{"line":15,"column":17},"end":{"line":15,"column":25}},"loc":{"start":{"line":15,"column":40},"end":{"line":28,"column":null}}}},"branchMap":{"0":{"loc":{"start":{"line":19,"column":8},"end":{"line":26,"column":9}},"type":"if","locations":[{"start":{"line":19,"column":8},"end":{"line":26,"column":9}}]}},"s":{"0":3,"1":3,"2":3,"3":3,"4":3,"5":12,"6":9,"7":6,"8":6,"9":6,"10":3,"11":3},"f":{"0":3,"1":12},"b":{"0":[6]}}
,"/home/munendra.kushwaha/WORKSPACE/backend-training/src/modules/users/repository/schema.ts": {"path":"/home/munendra.kushwaha/WORKSPACE/backend-training/src/modules/users/repository/schema.ts","statementMap":{"0":{"start":{"line":1,"column":0},"end":{"line":1,"column":34}},"1":{"start":{"line":4,"column":27},"end":{"line":9,"column":2}},"2":{"start":{"line":11,"column":0},"end":{"line":11,"column":26}}},"fnMap":{},"branchMap":{},"s":{"0":3,"1":3,"2":3},"f":{},"b":{}}
,"/home/munendra.kushwaha/WORKSPACE/backend-training/src/modules/users/schema/joiSchema.ts": {"path":"/home/munendra.kushwaha/WORKSPACE/backend-training/src/modules/users/schema/joiSchema.ts","statementMap":{"0":{"start":{"line":1,"column":0},"end":{"line":1,"column":22}},"1":{"start":{"line":4,"column":11},"end":{"line":16,"column":7}},"2":{"start":{"line":4,"column":51},"end":{"line":16,"column":6}},"3":{"start":{"line":18,"column":0},"end":{"line":18,"column":25}}},"fnMap":{"0":{"name":"(anonymous_1)","decl":{"start":{"line":4,"column":22},"end":{"line":4,"column":48}},"loc":{"start":{"line":4,"column":51},"end":{"line":16,"column":6}}}},"branchMap":{},"s":{"0":3,"1":3,"2":12,"3":3},"f":{"0":12},"b":{}}
}
