TN:
SF:src/app.ts
FN:17,(anonymous_8)
FN:22,(anonymous_9)
FN:27,(anonymous_11)
FN:43,(anonymous_13)
FN:47,(anonymous_14)
FN:51,(anonymous_15)
FN:56,(anonymous_16)
FN:58,(anonymous_17)
FNF:8
FNH:6
FNDA:2,(anonymous_8)
FNDA:2,(anonymous_9)
FNDA:2,(anonymous_11)
FNDA:2,(anonymous_13)
FNDA:0,(anonymous_14)
FNDA:0,(anonymous_15)
FNDA:2,(anonymous_16)
FNDA:1,(anonymous_17)
DA:1,2
DA:2,2
DA:3,2
DA:4,2
DA:5,2
DA:6,2
DA:7,2
DA:8,2
DA:10,2
DA:12,2
DA:18,2
DA:19,2
DA:23,2
DA:24,2
DA:28,2
DA:29,2
DA:30,2
DA:31,2
DA:39,2
DA:40,2
DA:44,2
DA:45,2
DA:46,2
DA:47,2
DA:48,0
DA:51,2
DA:52,0
DA:58,2
DA:59,1
DA:63,2
LF:30
LH:28
BRF:0
BRH:0
end_of_record
TN:
SF:src/config.ts
FNF:0
FNH:0
DA:10,2
DA:18,2
LF:2
LH:2
BRDA:11,0,0,0
BRDA:11,0,1,2
BRDA:11,1,0,2
BRDA:11,1,1,2
BRDA:12,2,0,0
BRDA:12,2,1,2
BRDA:12,3,0,2
BRDA:12,3,1,2
BRDA:13,4,0,0
BRDA:13,4,1,2
BRDA:13,5,0,2
BRDA:13,5,1,2
BRDA:14,6,0,0
BRDA:14,6,1,2
BRDA:14,7,0,2
BRDA:14,7,1,2
BRDA:15,8,0,0
BRDA:15,8,1,2
BRDA:15,9,0,2
BRDA:15,9,1,2
BRF:20
BRH:15
end_of_record
TN:
SF:src/docs/swaggerConfig.ts
FNF:0
FNH:0
DA:1,2
DA:3,2
DA:21,2
DA:23,2
LF:4
LH:4
BRF:0
BRH:0
end_of_record
TN:
SF:src/lib/Connection.ts
FN:3,(anonymous_8)
FN:6,(anonymous_9)
FN:6,(anonymous_10)
FN:16,(anonymous_11)
FN:16,(anonymous_12)
FNF:5
FNH:3
FNDA:2,(anonymous_8)
FNDA:4,(anonymous_9)
FNDA:4,(anonymous_10)
FNDA:0,(anonymous_11)
FNDA:0,(anonymous_12)
DA:1,2
DA:4,2
DA:6,4
DA:7,4
DA:8,4
DA:9,4
DA:11,0
DA:12,0
DA:13,0
DA:16,2
DA:17,0
DA:18,0
DA:19,0
DA:21,0
DA:26,2
LF:15
LH:8
BRF:0
BRH:0
end_of_record
TN:
SF:src/lib/index.ts
FNF:0
FNH:0
DA:1,2
DA:2,2
DA:4,2
LF:3
LH:3
BRF:0
BRH:0
end_of_record
TN:
SF:src/lib/base/baseRepository.ts
FN:11,(anonymous_7)
FN:15,(anonymous_8)
FN:20,(anonymous_10)
FN:25,(anonymous_12)
FNF:4
FNH:4
FNDA:4,(anonymous_7)
FNDA:1,(anonymous_8)
FNDA:1,(anonymous_10)
FNDA:8,(anonymous_12)
DA:12,4
DA:16,1
DA:17,1
DA:21,1
DA:22,1
DA:26,8
DA:27,8
DA:31,2
LF:8
LH:8
BRF:0
BRH:0
end_of_record
TN:
SF:src/middlewares/OtherMiddleware.ts
FN:7,(anonymous_7)
FN:16,(anonymous_8)
FN:16,(anonymous_9)
FN:45,(anonymous_10)
FN:49,(anonymous_11)
FN:65,(anonymous_12)
FNF:6
FNH:2
FNDA:19,(anonymous_7)
FNDA:0,(anonymous_8)
FNDA:0,(anonymous_9)
FNDA:0,(anonymous_10)
FNDA:0,(anonymous_11)
FNDA:19,(anonymous_12)
DA:2,2
DA:5,2
DA:7,2
DA:12,19
DA:13,19
DA:16,2
DA:17,0
DA:18,0
DA:21,0
DA:36,0
DA:37,0
DA:40,0
DA:41,0
DA:45,2
DA:49,0
DA:52,0
DA:53,0
DA:54,0
DA:55,0
DA:56,0
DA:58,0
DA:59,0
DA:61,0
DA:65,2
DA:66,19
DA:71,19
DA:75,2
LF:27
LH:11
BRDA:55,0,0,0
BRF:1
BRH:0
end_of_record
TN:
SF:src/middlewares/index.ts
FNF:0
FNH:0
DA:1,2
DA:3,2
LF:2
LH:2
BRF:0
BRH:0
end_of_record
TN:
SF:src/modules/events/controller.ts
FN:7,(anonymous_7)
FN:7,(anonymous_8)
FN:16,(anonymous_9)
FN:16,(anonymous_10)
FN:25,(anonymous_11)
FN:25,(anonymous_12)
FN:36,(anonymous_13)
FN:36,(anonymous_14)
FN:51,(anonymous_15)
FN:51,(anonymous_16)
FN:64,(anonymous_17)
FN:64,(anonymous_18)
FN:78,(anonymous_19)
FN:78,(anonymous_20)
FN:92,(anonymous_21)
FN:92,(anonymous_22)
FN:105,(anonymous_23)
FN:105,(anonymous_24)
FNF:18
FNH:18
FNDA:1,(anonymous_7)
FNDA:1,(anonymous_8)
FNDA:1,(anonymous_9)
FNDA:1,(anonymous_10)
FNDA:1,(anonymous_11)
FNDA:1,(anonymous_12)
FNDA:1,(anonymous_13)
FNDA:1,(anonymous_14)
FNDA:3,(anonymous_15)
FNDA:3,(anonymous_16)
FNDA:1,(anonymous_17)
FNDA:1,(anonymous_18)
FNDA:1,(anonymous_19)
FNDA:1,(anonymous_20)
FNDA:1,(anonymous_21)
FNDA:1,(anonymous_22)
FNDA:1,(anonymous_23)
FNDA:1,(anonymous_24)
DA:2,2
DA:7,2
DA:8,1
DA:9,1
DA:10,1
DA:11,1
DA:13,0
DA:16,2
DA:17,1
DA:18,1
DA:19,1
DA:21,0
DA:25,2
DA:26,1
DA:27,1
DA:29,1
DA:30,1
DA:32,0
DA:36,2
DA:37,1
DA:38,1
DA:40,1
DA:42,1
DA:43,1
DA:44,1
DA:45,1
DA:47,0
DA:51,3
DA:52,3
DA:53,3
DA:54,3
DA:55,3
DA:56,1
DA:58,2
DA:60,0
DA:64,2
DA:65,1
DA:66,1
DA:68,1
DA:69,1
DA:70,1
DA:72,0
DA:74,0
DA:78,2
DA:79,1
DA:80,1
DA:81,1
DA:82,1
DA:83,1
DA:85,0
DA:92,2
DA:93,1
DA:94,1
DA:95,1
DA:96,1
DA:98,0
DA:105,2
DA:106,1
DA:107,1
DA:108,1
DA:109,1
DA:110,0
DA:112,1
DA:113,1
DA:117,0
DA:122,2
LF:66
LH:55
BRDA:55,0,0,1
BRDA:69,1,0,1
BRDA:107,2,0,0
BRDA:107,2,1,1
BRDA:107,3,0,1
BRDA:107,3,1,1
BRDA:108,4,0,0
BRDA:108,4,1,1
BRDA:108,5,0,1
BRDA:108,5,1,1
BRDA:109,6,0,0
BRF:11
BRH:8
end_of_record
TN:
SF:src/modules/events/index.ts
FNF:0
FNH:0
DA:1,2
DA:2,2
DA:3,2
DA:5,2
LF:4
LH:4
BRF:0
BRH:0
end_of_record
TN:
SF:src/modules/events/joiSchema.ts
FN:4,(anonymous_1)
FNF:1
FNH:0
FNDA:0,(anonymous_1)
DA:1,2
DA:4,2
DA:5,0
DA:23,2
LF:4
LH:3
BRF:0
BRH:0
end_of_record
TN:
SF:src/modules/events/route.ts
FNF:0
FNH:0
DA:1,2
DA:2,2
DA:3,2
DA:5,2
DA:6,2
DA:8,2
DA:10,2
DA:12,2
DA:39,2
DA:66,2
DA:145,2
DA:172,2
DA:201,2
DA:202,2
DA:204,2
LF:15
LH:15
BRF:0
BRH:0
end_of_record
TN:
SF:src/modules/events/service.ts
FN:19,(anonymous_8)
FN:23,(anonymous_10)
FN:28,(anonymous_12)
FN:34,(anonymous_14)
FN:39,(anonymous_16)
FN:45,(anonymous_18)
FN:50,(anonymous_20)
FN:55,(anonymous_22)
FN:69,(anonymous_24)
FN:90,(anonymous_25)
FN:90,(anonymous_26)
FN:92,(anonymous_27)
FN:102,(anonymous_28)
FN:10,(anonymous_29)
FN:10,(anonymous_30)
FN:14,(anonymous_31)
FN:14,(anonymous_32)
FNF:17
FNH:12
FNDA:1,(anonymous_8)
FNDA:1,(anonymous_10)
FNDA:3,(anonymous_12)
FNDA:1,(anonymous_14)
FNDA:1,(anonymous_16)
FNDA:1,(anonymous_18)
FNDA:1,(anonymous_20)
FNDA:1,(anonymous_22)
FNDA:0,(anonymous_24)
FNDA:0,(anonymous_25)
FNDA:0,(anonymous_26)
FNDA:0,(anonymous_27)
FNDA:0,(anonymous_28)
FNDA:1,(anonymous_29)
FNDA:1,(anonymous_30)
FNDA:1,(anonymous_31)
FNDA:1,(anonymous_32)
DA:1,2
DA:2,2
DA:4,2
DA:5,2
DA:6,2
DA:7,2
DA:10,2
DA:11,1
DA:12,1
DA:14,2
DA:15,1
DA:16,1
DA:20,1
DA:24,1
DA:25,1
DA:29,3
DA:30,3
DA:31,3
DA:35,1
DA:36,1
DA:40,1
DA:41,1
DA:42,1
DA:46,1
DA:47,1
DA:51,1
DA:52,1
DA:59,1
DA:61,1
DA:62,1
DA:63,1
DA:64,1
DA:65,1
DA:67,1
DA:72,0
DA:90,0
DA:91,0
DA:92,0
DA:93,0
DA:96,0
DA:97,0
DA:99,0
DA:102,0
DA:106,0
DA:109,0
DA:111,0
DA:113,0
DA:116,0
DA:127,0
DA:132,2
LF:50
LH:35
BRDA:96,0,0,0
BRDA:96,0,1,0
BRDA:102,1,0,0
BRDA:102,1,1,0
BRDA:102,2,0,0
BRDA:102,2,1,0
BRF:6
BRH:0
end_of_record
TN:
SF:src/modules/events/repository/index.ts
FNF:0
FNH:0
DA:1,2
DA:2,2
DA:3,2
DA:5,2
LF:4
LH:4
BRF:0
BRH:0
end_of_record
TN:
SF:src/modules/events/repository/model.ts
FNF:0
FNH:0
DA:1,2
DA:3,2
DA:5,2
DA:7,2
LF:4
LH:4
BRF:0
BRH:0
end_of_record
TN:
SF:src/modules/events/repository/repository.ts
FN:11,(anonymous_8)
FN:15,(anonymous_9)
FN:20,(anonymous_11)
FN:24,(anonymous_13)
FN:29,(anonymous_15)
FN:40,(anonymous_17)
FN:45,(anonymous_19)
FNF:7
FNH:6
FNDA:2,(anonymous_8)
FNDA:1,(anonymous_9)
FNDA:1,(anonymous_11)
FNDA:1,(anonymous_13)
FNDA:1,(anonymous_15)
FNDA:1,(anonymous_17)
FNDA:0,(anonymous_19)
DA:3,2
DA:4,2
DA:5,2
DA:6,2
DA:12,2
DA:13,2
DA:16,1
DA:17,1
DA:21,1
DA:22,1
DA:25,1
DA:26,1
DA:30,1
DA:37,1
DA:41,1
DA:42,1
DA:46,0
DA:47,0
DA:51,2
LF:19
LH:17
BRF:0
BRH:0
end_of_record
TN:
SF:src/modules/events/repository/schema.ts
FNF:0
FNH:0
DA:1,2
DA:4,2
DA:12,2
DA:27,2
LF:4
LH:4
BRF:0
BRH:0
end_of_record
TN:
SF:src/modules/events/repositoryBulk/model.ts
FNF:0
FNH:0
DA:1,2
DA:2,2
DA:5,2
DA:9,2
LF:4
LH:4
BRF:0
BRH:0
end_of_record
TN:
SF:src/modules/events/repositoryBulk/modelError.ts
FNF:0
FNH:0
DA:1,2
DA:2,2
DA:5,2
DA:10,2
LF:4
LH:4
BRF:0
BRH:0
end_of_record
TN:
SF:src/modules/events/repositoryBulk/schema.ts
FNF:0
FNH:0
DA:1,2
DA:4,2
DA:19,2
LF:3
LH:3
BRF:0
BRH:0
end_of_record
TN:
SF:src/modules/events/repositoryBulk/schemaError.ts
FNF:0
FNH:0
DA:1,2
DA:4,2
DA:10,2
LF:3
LH:3
BRF:0
BRH:0
end_of_record
TN:
SF:src/modules/users/controller.ts
FN:6,(anonymous_7)
FN:6,(anonymous_8)
FN:22,(anonymous_9)
FN:22,(anonymous_10)
FNF:4
FNH:4
FNDA:4,(anonymous_7)
FNDA:4,(anonymous_8)
FNDA:4,(anonymous_9)
FNDA:4,(anonymous_10)
DA:2,2
DA:5,2
DA:6,4
DA:7,4
DA:8,4
DA:9,4
DA:10,2
DA:11,2
DA:12,2
DA:16,0
DA:18,2
DA:22,4
DA:23,4
DA:24,4
DA:25,4
DA:26,4
DA:27,2
DA:28,2
DA:30,0
LF:19
LH:17
BRDA:10,0,0,2
BRDA:26,1,0,2
BRF:2
BRH:2
end_of_record
TN:
SF:src/modules/users/index.ts
FNF:0
FNH:0
DA:1,2
DA:2,2
DA:3,2
DA:5,2
LF:4
LH:4
BRF:0
BRH:0
end_of_record
TN:
SF:src/modules/users/route.ts
FNF:0
FNH:0
DA:1,2
DA:2,2
DA:3,2
DA:5,2
DA:33,2
DA:74,2
DA:78,2
LF:7
LH:7
BRF:0
BRH:0
end_of_record
TN:
SF:src/modules/users/service.ts
FN:7,(anonymous_8)
FN:14,(anonymous_9)
FN:26,(anonymous_11)
FNF:3
FNH:3
FNDA:2,(anonymous_8)
FNDA:4,(anonymous_9)
FNDA:4,(anonymous_11)
DA:1,2
DA:2,2
DA:3,2
DA:8,2
DA:11,2
DA:15,4
DA:16,4
DA:17,4
DA:19,4
DA:20,4
DA:21,2
DA:23,0
DA:27,4
DA:28,4
DA:31,2
LF:15
LH:14
BRDA:19,0,0,4
BRF:1
BRH:1
end_of_record
TN:
SF:src/modules/users/middleware/authenticate.ts
FN:4,(anonymous_1)
FN:7,(anonymous_2)
FNF:2
FNH:2
FNDA:2,(anonymous_1)
FNDA:4,(anonymous_2)
DA:2,2
DA:5,2
DA:7,2
DA:12,4
DA:13,4
DA:14,4
DA:15,4
DA:17,0
DA:18,0
DA:22,0
DA:26,0
DA:27,0
DA:28,0
DA:30,0
DA:35,2
LF:15
LH:8
BRDA:13,0,0,4
BRDA:26,1,0,0
BRF:2
BRH:1
end_of_record
TN:
SF:src/modules/users/middleware/index.ts
FNF:0
FNH:0
DA:1,2
DA:2,2
DA:4,2
LF:3
LH:3
BRF:0
BRH:0
end_of_record
TN:
SF:src/modules/users/middleware/validate.ts
FN:5,(anonymous_1)
FNF:1
FNH:1
FNDA:4,(anonymous_1)
DA:2,2
DA:5,2
DA:6,4
DA:9,4
DA:10,0
DA:14,4
DA:15,4
DA:19,2
LF:8
LH:7
BRDA:9,0,0,0
BRF:1
BRH:0
end_of_record
TN:
SF:src/modules/users/repository/index.ts
FNF:0
FNH:0
DA:1,2
DA:2,2
DA:3,2
DA:5,2
LF:4
LH:4
BRF:0
BRH:0
end_of_record
TN:
SF:src/modules/users/repository/model.ts
FNF:0
FNH:0
DA:1,2
DA:2,2
DA:5,2
DA:6,2
LF:4
LH:4
BRF:0
BRH:0
end_of_record
TN:
SF:src/modules/users/repository/repository.ts
FN:10,(anonymous_8)
FN:15,(anonymous_9)
FNF:2
FNH:2
FNDA:2,(anonymous_8)
FNDA:4,(anonymous_9)
DA:2,2
DA:3,2
DA:5,2
DA:11,2
DA:12,2
DA:16,4
DA:19,4
DA:20,2
DA:21,2
DA:25,2
DA:26,2
DA:28,2
DA:31,2
LF:13
LH:13
BRDA:19,0,0,2
BRF:1
BRH:1
end_of_record
TN:
SF:src/modules/users/repository/schema.ts
FNF:0
FNH:0
DA:1,2
DA:4,2
DA:11,2
LF:3
LH:3
BRF:0
BRH:0
end_of_record
TN:
SF:src/modules/users/schema/joiSchema.ts
FN:4,(anonymous_1)
FNF:1
FNH:1
FNDA:4,(anonymous_1)
DA:1,2
DA:4,4
DA:18,2
LF:3
LH:3
BRF:0
BRH:0
end_of_record
