TN:
SF:src/app.ts
FN:16,(anonymous_8)
FN:21,(anonymous_9)
FN:26,(anonymous_11)
FN:42,(anonymous_13)
FN:48,(anonymous_14)
FN:53,(anonymous_15)
FN:58,(anonymous_16)
FN:60,(anonymous_17)
FNF:8
FNH:6
FNDA:3,(anonymous_8)
FNDA:45,(anonymous_9)
FNDA:45,(anonymous_11)
FNDA:45,(anonymous_13)
FNDA:1,(anonymous_14)
FNDA:1,(anonymous_15)
FNDA:0,(anonymous_16)
FNDA:0,(anonymous_17)
DA:1,3
DA:2,3
DA:3,3
DA:4,3
DA:5,3
DA:6,3
DA:7,3
DA:8,3
DA:10,3
DA:11,3
DA:17,3
DA:18,3
DA:22,45
DA:23,45
DA:27,45
DA:28,45
DA:29,45
DA:30,45
DA:38,45
DA:39,45
DA:43,45
DA:44,45
DA:45,45
DA:46,45
DA:49,1
DA:53,45
DA:54,1
DA:60,0
DA:61,0
DA:65,3
LF:30
LH:28
BRF:0
BRH:0
end_of_record
TN:
SF:src/config.ts
FNF:0
FNH:0
DA:1,3
DA:8,3
DA:10,3
DA:17,3
LF:4
LH:4
BRDA:11,0,0,3
BRDA:11,0,1,0
BRDA:11,1,0,3
BRDA:11,1,1,3
BRDA:12,2,0,3
BRDA:12,2,1,0
BRDA:12,3,0,3
BRDA:12,3,1,3
BRDA:13,4,0,3
BRDA:13,4,1,0
BRDA:13,5,0,3
BRDA:13,5,1,3
BRDA:14,6,0,3
BRDA:14,6,1,0
BRDA:14,7,0,3
BRDA:14,7,1,3
BRF:16
BRH:12
end_of_record
TN:
SF:src/docs/swaggerConfig.ts
FNF:0
FNH:0
DA:1,3
DA:3,3
DA:21,3
DA:23,3
LF:4
LH:4
BRF:0
BRH:0
end_of_record
TN:
SF:src/lib/Connection.ts
FN:3,(anonymous_8)
FN:6,(anonymous_9)
FN:6,(anonymous_10)
FN:15,(anonymous_11)
FN:15,(anonymous_12)
FNF:5
FNH:5
FNDA:3,(anonymous_8)
FNDA:90,(anonymous_9)
FNDA:90,(anonymous_10)
FNDA:59,(anonymous_11)
FNDA:59,(anonymous_12)
DA:1,3
DA:4,3
DA:6,90
DA:7,90
DA:8,90
DA:9,90
DA:11,0
DA:15,59
DA:16,59
DA:17,59
DA:18,59
DA:20,0
DA:25,3
LF:13
LH:11
BRF:0
BRH:0
end_of_record
TN:
SF:src/lib/index.ts
FNF:0
FNH:0
DA:1,3
DA:2,3
DA:4,3
LF:3
LH:3
BRF:0
BRH:0
end_of_record
TN:
SF:src/lib/base/baseRepository.ts
FN:7,(anonymous_7)
FN:11,(anonymous_8)
FN:15,(anonymous_10)
FN:19,(anonymous_12)
FNF:4
FNH:4
FNDA:6,(anonymous_7)
FNDA:2,(anonymous_8)
FNDA:1,(anonymous_10)
FNDA:12,(anonymous_12)
DA:8,6
DA:12,2
DA:16,1
DA:20,12
DA:24,3
LF:5
LH:5
BRF:0
BRH:0
end_of_record
TN:
SF:src/middlewares/OtherMiddleware.ts
FN:7,(anonymous_7)
FN:16,(anonymous_8)
FN:16,(anonymous_9)
FN:45,(anonymous_10)
FN:49,(anonymous_11)
FN:65,(anonymous_12)
FNF:6
FNH:2
FNDA:45,(anonymous_7)
FNDA:0,(anonymous_8)
FNDA:0,(anonymous_9)
FNDA:0,(anonymous_10)
FNDA:0,(anonymous_11)
FNDA:45,(anonymous_12)
DA:2,3
DA:5,3
DA:7,3
DA:12,45
DA:13,45
DA:16,3
DA:17,0
DA:18,0
DA:21,0
DA:36,0
DA:37,0
DA:40,0
DA:41,0
DA:45,3
DA:49,0
DA:52,0
DA:53,0
DA:54,0
DA:55,0
DA:56,0
DA:58,0
DA:59,0
DA:61,0
DA:65,3
DA:66,45
DA:71,45
DA:75,3
LF:27
LH:11
BRDA:55,0,0,0
BRF:1
BRH:0
end_of_record
TN:
SF:src/middlewares/index.ts
FNF:0
FNH:0
DA:1,3
DA:3,3
LF:2
LH:2
BRF:0
BRH:0
end_of_record
TN:
SF:src/modules/events/controller.ts
FN:6,(anonymous_7)
FN:7,(anonymous_8)
FN:7,(anonymous_9)
FN:17,(anonymous_10)
FN:17,(anonymous_11)
FN:26,(anonymous_12)
FN:26,(anonymous_13)
FN:37,(anonymous_14)
FN:37,(anonymous_15)
FN:51,(anonymous_16)
FN:51,(anonymous_17)
FN:64,(anonymous_18)
FN:64,(anonymous_19)
FN:78,(anonymous_20)
FN:78,(anonymous_21)
FN:93,(anonymous_22)
FN:93,(anonymous_23)
FN:107,(anonymous_24)
FN:107,(anonymous_25)
FNF:19
FNH:19
FNDA:3,(anonymous_7)
FNDA:2,(anonymous_8)
FNDA:2,(anonymous_9)
FNDA:2,(anonymous_10)
FNDA:2,(anonymous_11)
FNDA:2,(anonymous_12)
FNDA:2,(anonymous_13)
FNDA:2,(anonymous_14)
FNDA:2,(anonymous_15)
FNDA:5,(anonymous_16)
FNDA:5,(anonymous_17)
FNDA:1,(anonymous_18)
FNDA:1,(anonymous_19)
FNDA:2,(anonymous_20)
FNDA:2,(anonymous_21)
FNDA:2,(anonymous_22)
FNDA:2,(anonymous_23)
FNDA:1,(anonymous_24)
FNDA:1,(anonymous_25)
DA:2,3
DA:7,3
DA:8,2
DA:9,2
DA:10,2
DA:11,1
DA:13,1
DA:17,3
DA:18,2
DA:19,2
DA:20,1
DA:22,1
DA:26,3
DA:27,2
DA:28,2
DA:30,2
DA:31,1
DA:33,1
DA:37,3
DA:38,2
DA:39,2
DA:41,2
DA:42,2
DA:43,2
DA:44,1
DA:45,1
DA:47,1
DA:51,5
DA:52,5
DA:53,5
DA:54,5
DA:55,3
DA:56,1
DA:58,2
DA:60,2
DA:64,3
DA:65,1
DA:66,1
DA:68,1
DA:69,1
DA:70,1
DA:72,0
DA:74,0
DA:78,3
DA:79,2
DA:80,2
DA:81,2
DA:82,2
DA:83,1
DA:85,1
DA:87,1
DA:93,3
DA:94,2
DA:95,2
DA:96,2
DA:98,1
DA:100,1
DA:107,3
DA:108,1
DA:109,1
DA:110,1
DA:111,1
DA:112,0
DA:114,1
DA:115,1
DA:119,0
DA:124,3
LF:67
LH:63
BRDA:55,0,0,1
BRDA:69,1,0,1
BRDA:109,2,0,0
BRDA:109,2,1,1
BRDA:109,3,0,1
BRDA:109,3,1,1
BRDA:110,4,0,0
BRDA:110,4,1,1
BRDA:110,5,0,1
BRDA:110,5,1,1
BRDA:111,6,0,0
BRF:11
BRH:8
end_of_record
TN:
SF:src/modules/events/index.ts
FNF:0
FNH:0
DA:1,3
DA:2,3
DA:3,3
DA:5,3
LF:4
LH:4
BRF:0
BRH:0
end_of_record
TN:
SF:src/modules/events/joiSchema.ts
FN:4,(anonymous_1)
FNF:1
FNH:0
FNDA:0,(anonymous_1)
DA:1,3
DA:4,3
DA:22,3
LF:3
LH:3
BRF:0
BRH:0
end_of_record
TN:
SF:src/modules/events/route.ts
FNF:0
FNH:0
DA:1,3
DA:2,3
DA:3,3
DA:5,3
DA:6,3
DA:8,3
DA:10,3
DA:12,3
DA:39,3
DA:66,3
DA:145,3
DA:172,3
DA:201,3
DA:202,3
DA:204,3
LF:15
LH:15
BRF:0
BRH:0
end_of_record
TN:
SF:src/modules/events/service.ts
FN:9,(anonymous_8)
FN:10,(anonymous_9)
FN:10,(anonymous_10)
FN:14,(anonymous_11)
FN:14,(anonymous_12)
FN:18,(anonymous_13)
FN:22,(anonymous_15)
FN:26,(anonymous_17)
FN:31,(anonymous_19)
FN:35,(anonymous_21)
FN:40,(anonymous_23)
FN:44,(anonymous_25)
FN:48,(anonymous_27)
FN:62,(anonymous_29)
FN:83,(anonymous_30)
FN:83,(anonymous_31)
FN:85,(anonymous_32)
FN:95,(anonymous_33)
FNF:18
FNH:14
FNDA:3,(anonymous_8)
FNDA:2,(anonymous_9)
FNDA:2,(anonymous_10)
FNDA:2,(anonymous_11)
FNDA:2,(anonymous_12)
FNDA:2,(anonymous_13)
FNDA:2,(anonymous_15)
FNDA:5,(anonymous_17)
FNDA:1,(anonymous_19)
FNDA:1,(anonymous_21)
FNDA:2,(anonymous_23)
FNDA:2,(anonymous_25)
FNDA:1,(anonymous_27)
FNDA:2,(anonymous_29)
FNDA:0,(anonymous_30)
FNDA:0,(anonymous_31)
FNDA:0,(anonymous_32)
FNDA:0,(anonymous_33)
DA:1,3
DA:2,3
DA:4,3
DA:5,3
DA:6,3
DA:7,3
DA:10,3
DA:11,2
DA:14,3
DA:15,2
DA:19,2
DA:23,2
DA:27,5
DA:28,5
DA:32,1
DA:36,1
DA:37,1
DA:41,2
DA:45,2
DA:52,1
DA:54,1
DA:55,1
DA:56,1
DA:57,1
DA:58,1
DA:60,1
DA:65,2
DA:83,0
DA:84,0
DA:85,0
DA:86,0
DA:89,0
DA:90,0
DA:92,0
DA:95,0
DA:99,0
DA:102,0
DA:104,0
DA:106,0
DA:109,0
DA:120,0
DA:125,3
LF:42
LH:28
BRDA:89,0,0,0
BRDA:89,0,1,0
BRDA:95,1,0,0
BRDA:95,1,1,0
BRDA:95,2,0,0
BRDA:95,2,1,0
BRF:6
BRH:0
end_of_record
TN:
SF:src/modules/events/repository/index.ts
FNF:0
FNH:0
DA:1,3
DA:2,3
DA:3,3
DA:5,3
LF:4
LH:4
BRF:0
BRH:0
end_of_record
TN:
SF:src/modules/events/repository/model.ts
FNF:0
FNH:0
DA:1,3
DA:3,3
DA:5,3
DA:7,3
LF:4
LH:4
BRF:0
BRH:0
end_of_record
TN:
SF:src/modules/events/repository/repository.ts
FN:11,(anonymous_8)
FN:16,(anonymous_9)
FN:20,(anonymous_11)
FN:24,(anonymous_13)
FN:28,(anonymous_15)
FN:34,(anonymous_17)
FN:38,(anonymous_19)
FNF:7
FNH:6
FNDA:3,(anonymous_8)
FNDA:2,(anonymous_9)
FNDA:2,(anonymous_11)
FNDA:2,(anonymous_13)
FNDA:2,(anonymous_15)
FNDA:2,(anonymous_17)
FNDA:0,(anonymous_19)
DA:3,3
DA:4,3
DA:5,3
DA:6,3
DA:12,3
DA:13,3
DA:17,2
DA:21,2
DA:25,2
DA:29,2
DA:35,2
DA:39,0
DA:43,3
LF:13
LH:12
BRF:0
BRH:0
end_of_record
TN:
SF:src/modules/events/repository/schema.ts
FNF:0
FNH:0
DA:1,3
DA:4,3
DA:12,3
DA:27,3
LF:4
LH:4
BRF:0
BRH:0
end_of_record
TN:
SF:src/modules/events/repositoryBulk/model.ts
FNF:0
FNH:0
DA:1,3
DA:2,3
DA:5,3
DA:9,3
LF:4
LH:4
BRF:0
BRH:0
end_of_record
TN:
SF:src/modules/events/repositoryBulk/modelError.ts
FNF:0
FNH:0
DA:1,3
DA:2,3
DA:5,3
DA:10,3
LF:4
LH:4
BRF:0
BRH:0
end_of_record
TN:
SF:src/modules/events/repositoryBulk/schema.ts
FNF:0
FNH:0
DA:1,3
DA:4,3
DA:19,3
LF:3
LH:3
BRF:0
BRH:0
end_of_record
TN:
SF:src/modules/events/repositoryBulk/schemaError.ts
FNF:0
FNH:0
DA:1,3
DA:4,3
DA:10,3
LF:3
LH:3
BRF:0
BRH:0
end_of_record
TN:
SF:src/modules/users/controller.ts
FN:6,(anonymous_7)
FN:6,(anonymous_8)
FN:22,(anonymous_9)
FN:22,(anonymous_10)
FNF:4
FNH:4
FNDA:6,(anonymous_7)
FNDA:6,(anonymous_8)
FNDA:12,(anonymous_9)
FNDA:12,(anonymous_10)
DA:2,3
DA:5,3
DA:6,6
DA:7,6
DA:8,6
DA:9,6
DA:10,3
DA:11,3
DA:12,3
DA:16,0
DA:18,3
DA:22,12
DA:23,12
DA:24,12
DA:25,12
DA:26,6
DA:27,3
DA:28,3
DA:30,6
LF:19
LH:18
BRDA:10,0,0,3
BRDA:26,1,0,3
BRF:2
BRH:2
end_of_record
TN:
SF:src/modules/users/index.ts
FNF:0
FNH:0
DA:1,3
DA:2,3
DA:3,3
DA:5,3
LF:4
LH:4
BRF:0
BRH:0
end_of_record
TN:
SF:src/modules/users/route.ts
FNF:0
FNH:0
DA:1,3
DA:2,3
DA:3,3
DA:5,3
DA:33,3
DA:74,3
DA:78,3
LF:7
LH:7
BRF:0
BRH:0
end_of_record
TN:
SF:src/modules/users/service.ts
FN:6,(anonymous_8)
FN:9,(anonymous_9)
FN:16,(anonymous_10)
FN:28,(anonymous_12)
FNF:4
FNH:4
FNDA:3,(anonymous_8)
FNDA:3,(anonymous_9)
FNDA:6,(anonymous_10)
FNDA:12,(anonymous_12)
DA:1,3
DA:2,3
DA:3,3
DA:5,3
DA:7,3
DA:10,3
DA:13,3
DA:17,6
DA:18,6
DA:19,6
DA:21,3
DA:22,3
DA:23,3
DA:25,0
DA:29,12
DA:32,3
LF:16
LH:15
BRDA:21,0,0,3
BRF:1
BRH:1
end_of_record
TN:
SF:src/modules/users/middleware/authenticate.ts
FN:5,(anonymous_1)
FN:9,(anonymous_2)
FNF:2
FNH:2
FNDA:3,(anonymous_1)
FNDA:12,(anonymous_2)
DA:2,3
DA:3,3
DA:7,3
DA:9,3
DA:14,12
DA:16,12
DA:17,6
DA:18,6
DA:20,6
DA:21,6
DA:25,3
DA:32,3
DA:37,3
LF:13
LH:13
BRDA:16,0,0,6
BRF:1
BRH:1
end_of_record
TN:
SF:src/modules/users/middleware/index.ts
FNF:0
FNH:0
DA:1,3
DA:2,3
DA:4,3
LF:3
LH:3
BRF:0
BRH:0
end_of_record
TN:
SF:src/modules/users/middleware/validate.ts
FN:5,(anonymous_1)
FNF:1
FNH:1
FNDA:12,(anonymous_1)
DA:2,3
DA:5,3
DA:6,12
DA:7,12
DA:11,0
DA:13,12
DA:14,12
DA:18,3
LF:8
LH:7
BRF:0
BRH:0
end_of_record
TN:
SF:src/modules/users/repository/index.ts
FNF:0
FNH:0
DA:1,3
DA:2,3
DA:3,3
DA:5,3
LF:4
LH:4
BRF:0
BRH:0
end_of_record
TN:
SF:src/modules/users/repository/model.ts
FNF:0
FNH:0
DA:1,3
DA:2,3
DA:5,3
DA:6,3
LF:4
LH:4
BRF:0
BRH:0
end_of_record
TN:
SF:src/modules/users/repository/repository.ts
FN:10,(anonymous_8)
FN:15,(anonymous_9)
FNF:2
FNH:2
FNDA:3,(anonymous_8)
FNDA:12,(anonymous_9)
DA:2,3
DA:3,3
DA:5,3
DA:11,3
DA:12,3
DA:16,12
DA:19,9
DA:20,6
DA:21,6
DA:25,6
DA:27,3
DA:30,3
LF:12
LH:12
BRDA:19,0,0,6
BRF:1
BRH:1
end_of_record
TN:
SF:src/modules/users/repository/schema.ts
FNF:0
FNH:0
DA:1,3
DA:4,3
DA:11,3
LF:3
LH:3
BRF:0
BRH:0
end_of_record
TN:
SF:src/modules/users/schema/joiSchema.ts
FN:4,(anonymous_1)
FNF:1
FNH:1
FNDA:12,(anonymous_1)
DA:1,3
DA:4,12
DA:18,3
LF:3
LH:3
BRF:0
BRH:0
end_of_record
